\BOOKMARK [0][-]{chapter.1}{\376\377\0001\000\040\000H\000i\000e\000r\000a\000r\000c\000h\000i\000c\000a\000l\000\040\000I\000n\000d\000e\000x}{}% 1
\BOOKMARK [1][-]{section.1.1}{\376\377\0001\000.\0001\000\040\000C\000l\000a\000s\000s\000\040\000H\000i\000e\000r\000a\000r\000c\000h\000y}{chapter.1}% 2
\BOOKMARK [0][-]{chapter.2}{\376\377\0002\000\040\000C\000l\000a\000s\000s\000\040\000I\000n\000d\000e\000x}{}% 3
\BOOKMARK [1][-]{section.2.1}{\376\377\0002\000.\0001\000\040\000C\000l\000a\000s\000s\000\040\000L\000i\000s\000t}{chapter.2}% 4
\BOOKMARK [0][-]{chapter.3}{\376\377\0003\000\040\000F\000i\000l\000e\000\040\000I\000n\000d\000e\000x}{}% 5
\BOOKMARK [1][-]{section.3.1}{\376\377\0003\000.\0001\000\040\000F\000i\000l\000e\000\040\000L\000i\000s\000t}{chapter.3}% 6
\BOOKMARK [0][-]{chapter.4}{\376\377\0004\000\040\000C\000l\000a\000s\000s\000\040\000D\000o\000c\000u\000m\000e\000n\000t\000a\000t\000i\000o\000n}{}% 7
\BOOKMARK [1][-]{section.4.1}{\376\377\0004\000.\0001\000\040\000B\000l\000o\000c\000k\000\040\000C\000l\000a\000s\000s\000\040\000R\000e\000f\000e\000r\000e\000n\000c\000e}{chapter.4}% 8
\BOOKMARK [2][-]{subsection.4.1.1}{\376\377\0004\000.\0001\000.\0001\000\040\000D\000e\000t\000a\000i\000l\000e\000d\000\040\000D\000e\000s\000c\000r\000i\000p\000t\000i\000o\000n}{section.4.1}% 9
\BOOKMARK [2][-]{subsection.4.1.2}{\376\377\0004\000.\0001\000.\0002\000\040\000C\000o\000n\000s\000t\000r\000u\000c\000t\000o\000r\000\040\000\046\000\040\000D\000e\000s\000t\000r\000u\000c\000t\000o\000r\000\040\000D\000o\000c\000u\000m\000e\000n\000t\000a\000t\000i\000o\000n}{section.4.1}% 10
\BOOKMARK [3][-]{subsubsection.4.1.2.1}{\376\377\0004\000.\0001\000.\0002\000.\0001\000\040\000B\000l\000o\000c\000k\000\050\000b\0002\000W\000o\000r\000l\000d\000\040\000*\000w\000o\000r\000l\000d\000,\000\040\000Q\000G\000r\000a\000p\000h\000i\000c\000s\000S\000c\000e\000n\000e\000\040\000*\000l\000e\000v\000e\000l\000,\000\040\000b\0002\000V\000e\000c\0002\000\040\000c\000e\000n\000t\000e\000r\000,\000\040\000q\000r\000e\000a\000l\000\040\000m\000a\000n\000g\000l\000e\000,\000\040\000q\000r\000e\000a\000l\000\040\000m\000l\000e\000n\000g\000t\000h\000,\000\040\000q\000r\000e\000a\000l\000\040\000m\000w\000i\000d\000t\000h\000,\000\040\000b\0002\000B\000o\000d\000y\000T\000y\000p\000e\000\040\000t\000y\000p\000e\000,\000\040\000q\000r\000e\000a\000l\000\040\000f\000r\000i\000c\000t\000i\000o\000n\000,\000\040\000Q\000S\000t\000r\000i\000n\000g\000\040\000m\000o\000d\000e\000\051}{subsection.4.1.2}% 11
\BOOKMARK [2][-]{subsection.4.1.3}{\376\377\0004\000.\0001\000.\0003\000\040\000M\000e\000m\000b\000e\000r\000\040\000F\000u\000n\000c\000t\000i\000o\000n\000\040\000D\000o\000c\000u\000m\000e\000n\000t\000a\000t\000i\000o\000n}{section.4.1}% 12
\BOOKMARK [3][-]{subsubsection.4.1.3.1}{\376\377\0004\000.\0001\000.\0003\000.\0001\000\040\000d\000r\000a\000w\000G\000r\000a\000p\000h\000i\000c\000s\000\050\000\051}{subsection.4.1.3}% 13
\BOOKMARK [2][-]{subsection.4.1.4}{\376\377\0004\000.\0001\000.\0004\000\040\000M\000e\000m\000b\000e\000r\000\040\000D\000a\000t\000a\000\040\000D\000o\000c\000u\000m\000e\000n\000t\000a\000t\000i\000o\000n}{section.4.1}% 14
\BOOKMARK [3][-]{subsubsection.4.1.4.1}{\376\377\0004\000.\0001\000.\0004\000.\0001\000\040\000a\000n\000g\000l\000e}{subsection.4.1.4}% 15
\BOOKMARK [3][-]{subsubsection.4.1.4.2}{\376\377\0004\000.\0001\000.\0004\000.\0002\000\040\000b\000o\000d\000y}{subsection.4.1.4}% 16
\BOOKMARK [3][-]{subsubsection.4.1.4.3}{\376\377\0004\000.\0001\000.\0004\000.\0003\000\040\000g\000r\000a\000p\000h\000i\000c\000s}{subsection.4.1.4}% 17
\BOOKMARK [3][-]{subsubsection.4.1.4.4}{\376\377\0004\000.\0001\000.\0004\000.\0004\000\040\000l\000e\000n\000g\000t\000h}{subsection.4.1.4}% 18
\BOOKMARK [3][-]{subsubsection.4.1.4.5}{\376\377\0004\000.\0001\000.\0004\000.\0005\000\040\000w\000i\000d\000t\000h}{subsection.4.1.4}% 19
\BOOKMARK [1][-]{section.4.2}{\376\377\0004\000.\0002\000\040\000C\000i\000r\000c\000l\000e\000\040\000C\000l\000a\000s\000s\000\040\000R\000e\000f\000e\000r\000e\000n\000c\000e}{chapter.4}% 20
\BOOKMARK [2][-]{subsection.4.2.1}{\376\377\0004\000.\0002\000.\0001\000\040\000D\000e\000t\000a\000i\000l\000e\000d\000\040\000D\000e\000s\000c\000r\000i\000p\000t\000i\000o\000n}{section.4.2}% 21
\BOOKMARK [2][-]{subsection.4.2.2}{\376\377\0004\000.\0002\000.\0002\000\040\000C\000o\000n\000s\000t\000r\000u\000c\000t\000o\000r\000\040\000\046\000\040\000D\000e\000s\000t\000r\000u\000c\000t\000o\000r\000\040\000D\000o\000c\000u\000m\000e\000n\000t\000a\000t\000i\000o\000n}{section.4.2}% 22
\BOOKMARK [3][-]{subsubsection.4.2.2.1}{\376\377\0004\000.\0002\000.\0002\000.\0001\000\040\000C\000i\000r\000c\000l\000e\000\050\000b\0002\000W\000o\000r\000l\000d\000\040\000*\000w\000o\000r\000l\000d\000,\000\040\000Q\000G\000r\000a\000p\000h\000i\000c\000s\000S\000c\000e\000n\000e\000\040\000*\000l\000e\000v\000e\000l\000,\000\040\000Q\000P\000o\000i\000n\000t\000F\000\040\000p\000o\000s\000i\000t\000i\000o\000n\000,\000\040\000q\000r\000e\000a\000l\000\040\000a\000n\000g\000l\000e\000,\000\040\000b\0002\000B\000o\000d\000y\000T\000y\000p\000e\000\040\000t\000y\000p\000e\000,\000\040\000b\0002\000C\000i\000r\000c\000l\000e\000S\000h\000a\000p\000e\000\040\000c\000i\000r\000c\000l\000e\000,\000\040\000Q\000S\000t\000r\000i\000n\000g\000\040\000m\000o\000d\000e\000\051}{subsection.4.2.2}% 23
\BOOKMARK [2][-]{subsection.4.2.3}{\376\377\0004\000.\0002\000.\0003\000\040\000M\000e\000m\000b\000e\000r\000\040\000F\000u\000n\000c\000t\000i\000o\000n\000\040\000D\000o\000c\000u\000m\000e\000n\000t\000a\000t\000i\000o\000n}{section.4.2}% 24
\BOOKMARK [3][-]{subsubsection.4.2.3.1}{\376\377\0004\000.\0002\000.\0003\000.\0001\000\040\000c\000r\000e\000a\000t\000e\000C\000i\000r\000c\000l\000e\000\050\000b\0002\000W\000o\000r\000l\000d\000\040\000w\000o\000r\000l\000d\000,\000\040\000Q\000G\000r\000a\000p\000h\000i\000c\000s\000S\000c\000e\000n\000e\000\040\000l\000e\000v\000e\000l\000s\000c\000e\000n\000e\000,\000\040\000Q\000P\000o\000i\000n\000t\000F\000\040\000p\000o\000s\000,\000\040\000q\000r\000e\000a\000l\000\040\000a\000n\000g\000l\000e\000,\000\040\000b\0002\000B\000o\000d\000y\000T\000y\000p\000e\000\040\000t\000y\000p\000e\000,\000\040\000b\0002\000C\000i\000r\000c\000l\000e\000S\000h\000a\000p\000e\000\040\000c\000i\000r\000c\000l\000e\000\051}{subsection.4.2.3}% 25
\BOOKMARK [3][-]{subsubsection.4.2.3.2}{\376\377\0004\000.\0002\000.\0003\000.\0002\000\040\000d\000r\000a\000w\000\050\000\051}{subsection.4.2.3}% 26
\BOOKMARK [3][-]{subsubsection.4.2.3.3}{\376\377\0004\000.\0002\000.\0003\000.\0003\000\040\000d\000r\000a\000w\000B\000a\000l\000l\0001\000\050\000\051}{subsection.4.2.3}% 27
\BOOKMARK [3][-]{subsubsection.4.2.3.4}{\376\377\0004\000.\0002\000.\0003\000.\0004\000\040\000d\000r\000a\000w\000G\000r\000a\000p\000h\000i\000c\000s\000\050\000\051}{subsection.4.2.3}% 28
\BOOKMARK [2][-]{subsection.4.2.4}{\376\377\0004\000.\0002\000.\0004\000\040\000M\000e\000m\000b\000e\000r\000\040\000D\000a\000t\000a\000\040\000D\000o\000c\000u\000m\000e\000n\000t\000a\000t\000i\000o\000n}{section.4.2}% 29
\BOOKMARK [3][-]{subsubsection.4.2.4.1}{\376\377\0004\000.\0002\000.\0004\000.\0001\000\040\000b\000o\000d\000y}{subsection.4.2.4}% 30
\BOOKMARK [3][-]{subsubsection.4.2.4.2}{\376\377\0004\000.\0002\000.\0004\000.\0002\000\040\000g\000r\000a\000p\000h\000i\000c\000s}{subsection.4.2.4}% 31
\BOOKMARK [1][-]{section.4.3}{\376\377\0004\000.\0003\000\040\000G\000U\000I\000\040\000C\000l\000a\000s\000s\000\040\000R\000e\000f\000e\000r\000e\000n\000c\000e}{chapter.4}% 32
\BOOKMARK [2][-]{subsection.4.3.1}{\376\377\0004\000.\0003\000.\0001\000\040\000D\000e\000t\000a\000i\000l\000e\000d\000\040\000D\000e\000s\000c\000r\000i\000p\000t\000i\000o\000n}{section.4.3}% 33
\BOOKMARK [2][-]{subsection.4.3.2}{\376\377\0004\000.\0003\000.\0002\000\040\000C\000o\000n\000s\000t\000r\000u\000c\000t\000o\000r\000\040\000\046\000\040\000D\000e\000s\000t\000r\000u\000c\000t\000o\000r\000\040\000D\000o\000c\000u\000m\000e\000n\000t\000a\000t\000i\000o\000n}{section.4.3}% 34
\BOOKMARK [3][-]{subsubsection.4.3.2.1}{\376\377\0004\000.\0003\000.\0002\000.\0001\000\040\000G\000U\000I\000\050\000Q\000W\000i\000d\000g\000e\000t\000\040\000*\000p\000a\000r\000e\000n\000t\000=\000N\000U\000L\000L\000\051}{subsection.4.3.2}% 35
\BOOKMARK [2][-]{subsection.4.3.3}{\376\377\0004\000.\0003\000.\0003\000\040\000M\000e\000m\000b\000e\000r\000\040\000F\000u\000n\000c\000t\000i\000o\000n\000\040\000D\000o\000c\000u\000m\000e\000n\000t\000a\000t\000i\000o\000n}{section.4.3}% 36
\BOOKMARK [3][-]{subsubsection.4.3.3.1}{\376\377\0004\000.\0003\000.\0003\000.\0001\000\040\000b\000a\000c\000k}{subsection.4.3.3}% 37
\BOOKMARK [3][-]{subsubsection.4.3.3.2}{\376\377\0004\000.\0003\000.\0003\000.\0002\000\040\000b\000o\000x}{subsection.4.3.3}% 38
\BOOKMARK [3][-]{subsubsection.4.3.3.3}{\376\377\0004\000.\0003\000.\0003\000.\0003\000\040\000c\000h\000e\000c\000k\000L\000e\000v\000e\000l\000\050\000\051}{subsection.4.3.3}% 39
\BOOKMARK [3][-]{subsubsection.4.3.3.4}{\376\377\0004\000.\0003\000.\0003\000.\0004\000\040\000c\000i\000r\000c\000l\000e}{subsection.4.3.3}% 40
\BOOKMARK [3][-]{subsubsection.4.3.3.5}{\376\377\0004\000.\0003\000.\0003\000.\0005\000\040\000c\000s\000n\000d}{subsection.4.3.3}% 41
\BOOKMARK [3][-]{subsubsection.4.3.3.6}{\376\377\0004\000.\0003\000.\0003\000.\0006\000\040\000d\000i\000s\000p\000l\000a\000y\000G\000U\000I\000\050\000\051}{subsection.4.3.3}% 42
\BOOKMARK [3][-]{subsubsection.4.3.3.7}{\376\377\0004\000.\0003\000.\0003\000.\0007\000\040\000h\000e\000l\000p}{subsection.4.3.3}% 43
\BOOKMARK [3][-]{subsubsection.4.3.3.8}{\376\377\0004\000.\0003\000.\0003\000.\0008\000\040\000h\000i\000g\000h\000s\000c\000o\000r\000e}{subsection.4.3.3}% 44
\BOOKMARK [3][-]{subsubsection.4.3.3.9}{\376\377\0004\000.\0003\000.\0003\000.\0009\000\040\000l\000e\000v\000e\000l\000M\000e\000n\000u}{subsection.4.3.3}% 45
\BOOKMARK [3][-]{subsubsection.4.3.3.10}{\376\377\0004\000.\0003\000.\0003\000.\0001\0000\000\040\000m\000u\000t\000e}{subsection.4.3.3}% 46
\BOOKMARK [3][-]{subsubsection.4.3.3.11}{\376\377\0004\000.\0003\000.\0003\000.\0001\0001\000\040\000s\000h\000o\000w\000G\000u\000i\000a\000g\000a\000i\000n}{subsection.4.3.3}% 47
\BOOKMARK [3][-]{subsubsection.4.3.3.12}{\376\377\0004\000.\0003\000.\0003\000.\0001\0002\000\040\000s\000h\000o\000w\000L\000e\000v\000e\000l\0001}{subsection.4.3.3}% 48
\BOOKMARK [3][-]{subsubsection.4.3.3.13}{\376\377\0004\000.\0003\000.\0003\000.\0001\0003\000\040\000s\000h\000o\000w\000L\000e\000v\000e\000l\0002}{subsection.4.3.3}% 49
\BOOKMARK [3][-]{subsubsection.4.3.3.14}{\376\377\0004\000.\0003\000.\0003\000.\0001\0004\000\040\000s\000h\000o\000w\000L\000e\000v\000e\000l\0003}{subsection.4.3.3}% 50
\BOOKMARK [3][-]{subsubsection.4.3.3.15}{\376\377\0004\000.\0003\000.\0003\000.\0001\0005\000\040\000s\000h\000o\000w\000L\000e\000v\000e\000l\0004}{subsection.4.3.3}% 51
\BOOKMARK [3][-]{subsubsection.4.3.3.16}{\376\377\0004\000.\0003\000.\0003\000.\0001\0006\000\040\000t\000r\000i\000a\000n\000g\000l\000e}{subsection.4.3.3}% 52
\BOOKMARK [2][-]{subsection.4.3.4}{\376\377\0004\000.\0003\000.\0004\000\040\000M\000e\000m\000b\000e\000r\000\040\000D\000a\000t\000a\000\040\000D\000o\000c\000u\000m\000e\000n\000t\000a\000t\000i\000o\000n}{section.4.3}% 53
\BOOKMARK [3][-]{subsubsection.4.3.4.1}{\376\377\0004\000.\0003\000.\0004\000.\0001\000\040\000i\000s\000m\000u\000t\000e}{subsection.4.3.4}% 54
\BOOKMARK [3][-]{subsubsection.4.3.4.2}{\376\377\0004\000.\0003\000.\0004\000.\0002\000\040\000m\000u\000t\000e\000p\000i\000c\000B\000u\000t\000t\000o\000n}{subsection.4.3.4}% 55
\BOOKMARK [3][-]{subsubsection.4.3.4.3}{\376\377\0004\000.\0003\000.\0004\000.\0003\000\040\000s\000c\000e\000n\000e}{subsection.4.3.4}% 56
\BOOKMARK [1][-]{section.4.4}{\376\377\0004\000.\0004\000\040\000L\000e\000v\000e\000l\000\137\0001\000\040\000C\000l\000a\000s\000s\000\040\000R\000e\000f\000e\000r\000e\000n\000c\000e}{chapter.4}% 57
\BOOKMARK [2][-]{subsection.4.4.1}{\376\377\0004\000.\0004\000.\0001\000\040\000D\000e\000t\000a\000i\000l\000e\000d\000\040\000D\000e\000s\000c\000r\000i\000p\000t\000i\000o\000n}{section.4.4}% 58
\BOOKMARK [2][-]{subsection.4.4.2}{\376\377\0004\000.\0004\000.\0002\000\040\000C\000o\000n\000s\000t\000r\000u\000c\000t\000o\000r\000\040\000\046\000\040\000D\000e\000s\000t\000r\000u\000c\000t\000o\000r\000\040\000D\000o\000c\000u\000m\000e\000n\000t\000a\000t\000i\000o\000n}{section.4.4}% 59
\BOOKMARK [3][-]{subsubsection.4.4.2.1}{\376\377\0004\000.\0004\000.\0002\000.\0001\000\040\000L\000e\000v\000e\000l\0001\000\050\000\051}{subsection.4.4.2}% 60
\BOOKMARK [2][-]{subsection.4.4.3}{\376\377\0004\000.\0004\000.\0003\000\040\000M\000e\000m\000b\000e\000r\000\040\000F\000u\000n\000c\000t\000i\000o\000n\000\040\000D\000o\000c\000u\000m\000e\000n\000t\000a\000t\000i\000o\000n}{section.4.4}% 61
\BOOKMARK [3][-]{subsubsection.4.4.3.1}{\376\377\0004\000.\0004\000.\0003\000.\0001\000\040\000a\000d\000d\000C\000i\000r\000c\000l\000e}{subsection.4.4.3}% 62
\BOOKMARK [3][-]{subsubsection.4.4.3.2}{\376\377\0004\000.\0004\000.\0003\000.\0002\000\040\000a\000d\000d\000R\000e\000c\000t\000a\000n\000g\000l\000e}{subsection.4.4.3}% 63
\BOOKMARK [3][-]{subsubsection.4.4.3.3}{\376\377\0004\000.\0004\000.\0003\000.\0003\000\040\000c\000l\000o\000s\000e\000L\000e\000v\000e\000l}{subsection.4.4.3}% 64
\BOOKMARK [3][-]{subsubsection.4.4.3.4}{\376\377\0004\000.\0004\000.\0003\000.\0004\000\040\000g\000e\000t\000T\000i\000m\000e}{subsection.4.4.3}% 65
\BOOKMARK [3][-]{subsubsection.4.4.3.5}{\376\377\0004\000.\0004\000.\0003\000.\0005\000\040\000h\000i\000g\000h\000s\000c\000o\000r\000e\000C\000o\000u\000n\000t\000e\000r}{subsection.4.4.3}% 66
\BOOKMARK [3][-]{subsubsection.4.4.3.6}{\376\377\0004\000.\0004\000.\0003\000.\0006\000\040\000l\000e\000v\000e\000l\000c\000o\000m\000p\000l\000e\000t\000e\000d}{subsection.4.4.3}% 67
\BOOKMARK [3][-]{subsubsection.4.4.3.7}{\376\377\0004\000.\0004\000.\0003\000.\0007\000\040\000p\000a\000u\000s\000e\000L\000e\000v\000e\000l}{subsection.4.4.3}% 68
\BOOKMARK [3][-]{subsubsection.4.4.3.8}{\376\377\0004\000.\0004\000.\0003\000.\0008\000\040\000r\000e\000s\000e\000t}{subsection.4.4.3}% 69
\BOOKMARK [3][-]{subsubsection.4.4.3.9}{\376\377\0004\000.\0004\000.\0003\000.\0009\000\040\000r\000e\000s\000u\000m\000e\000L\000e\000v\000e\000l}{subsection.4.4.3}% 70
\BOOKMARK [3][-]{subsubsection.4.4.3.10}{\376\377\0004\000.\0004\000.\0003\000.\0001\0000\000\040\000r\000o\000t\000a\000t\000e\000L\000e\000f\000t}{subsection.4.4.3}% 71
\BOOKMARK [3][-]{subsubsection.4.4.3.11}{\376\377\0004\000.\0004\000.\0003\000.\0001\0001\000\040\000r\000o\000t\000a\000t\000e\000R\000i\000g\000h\000t}{subsection.4.4.3}% 72
\BOOKMARK [3][-]{subsubsection.4.4.3.12}{\376\377\0004\000.\0004\000.\0003\000.\0001\0002\000\040\000s\000t\000a\000r\000t\000L\000e\000v\000e\000l}{subsection.4.4.3}% 73
\BOOKMARK [3][-]{subsubsection.4.4.3.13}{\376\377\0004\000.\0004\000.\0003\000.\0001\0003\000\040\000u\000p\000d\000a\000t\000e}{subsection.4.4.3}% 74
\BOOKMARK [2][-]{subsection.4.4.4}{\376\377\0004\000.\0004\000.\0004\000\040\000M\000e\000m\000b\000e\000r\000\040\000D\000a\000t\000a\000\040\000D\000o\000c\000u\000m\000e\000n\000t\000a\000t\000i\000o\000n}{section.4.4}% 75
\BOOKMARK [3][-]{subsubsection.4.4.4.1}{\376\377\0004\000.\0004\000.\0004\000.\0001\000\040\000v\000e\000c\000t\000b}{subsection.4.4.4}% 76
\BOOKMARK [3][-]{subsubsection.4.4.4.2}{\376\377\0004\000.\0004\000.\0004\000.\0002\000\040\000v\000e\000c\000t\000t}{subsection.4.4.4}% 77
\BOOKMARK [1][-]{section.4.5}{\376\377\0004\000.\0005\000\040\000L\000e\000v\000e\000l\000\137\0002\000\040\000C\000l\000a\000s\000s\000\040\000R\000e\000f\000e\000r\000e\000n\000c\000e}{chapter.4}% 78
\BOOKMARK [2][-]{subsection.4.5.1}{\376\377\0004\000.\0005\000.\0001\000\040\000D\000e\000t\000a\000i\000l\000e\000d\000\040\000D\000e\000s\000c\000r\000i\000p\000t\000i\000o\000n}{section.4.5}% 79
\BOOKMARK [2][-]{subsection.4.5.2}{\376\377\0004\000.\0005\000.\0002\000\040\000C\000o\000n\000s\000t\000r\000u\000c\000t\000o\000r\000\040\000\046\000\040\000D\000e\000s\000t\000r\000u\000c\000t\000o\000r\000\040\000D\000o\000c\000u\000m\000e\000n\000t\000a\000t\000i\000o\000n}{section.4.5}% 80
\BOOKMARK [3][-]{subsubsection.4.5.2.1}{\376\377\0004\000.\0005\000.\0002\000.\0001\000\040\000L\000e\000v\000e\000l\0002\000\050\000\051}{subsection.4.5.2}% 81
\BOOKMARK [2][-]{subsection.4.5.3}{\376\377\0004\000.\0005\000.\0003\000\040\000M\000e\000m\000b\000e\000r\000\040\000F\000u\000n\000c\000t\000i\000o\000n\000\040\000D\000o\000c\000u\000m\000e\000n\000t\000a\000t\000i\000o\000n}{section.4.5}% 82
\BOOKMARK [3][-]{subsubsection.4.5.3.1}{\376\377\0004\000.\0005\000.\0003\000.\0001\000\040\000a\000d\000d\000C\000i\000r\000c\000l\000e}{subsection.4.5.3}% 83
\BOOKMARK [3][-]{subsubsection.4.5.3.2}{\376\377\0004\000.\0005\000.\0003\000.\0002\000\040\000a\000d\000d\000R\000e\000c\000t\000a\000n\000g\000l\000e}{subsection.4.5.3}% 84
\BOOKMARK [3][-]{subsubsection.4.5.3.3}{\376\377\0004\000.\0005\000.\0003\000.\0003\000\040\000a\000d\000d\000T\000r\000i\000a\000n\000g\000l\000e}{subsection.4.5.3}% 85
\BOOKMARK [3][-]{subsubsection.4.5.3.4}{\376\377\0004\000.\0005\000.\0003\000.\0004\000\040\000c\000l\000o\000s\000e\000L\000e\000v\000e\000l}{subsection.4.5.3}% 86
\BOOKMARK [3][-]{subsubsection.4.5.3.5}{\376\377\0004\000.\0005\000.\0003\000.\0005\000\040\000g\000e\000t\000T\000i\000m\000e}{subsection.4.5.3}% 87
\BOOKMARK [3][-]{subsubsection.4.5.3.6}{\376\377\0004\000.\0005\000.\0003\000.\0006\000\040\000h\000i\000g\000h\000s\000c\000o\000r\000e\000C\000o\000u\000n\000t\000e\000r}{subsection.4.5.3}% 88
\BOOKMARK [3][-]{subsubsection.4.5.3.7}{\376\377\0004\000.\0005\000.\0003\000.\0007\000\040\000l\000e\000v\000e\000l\000c\000o\000m\000p\000l\000e\000t\000e\000d}{subsection.4.5.3}% 89
\BOOKMARK [3][-]{subsubsection.4.5.3.8}{\376\377\0004\000.\0005\000.\0003\000.\0008\000\040\000p\000a\000u\000s\000e\000L\000e\000v\000e\000l}{subsection.4.5.3}% 90
\BOOKMARK [3][-]{subsubsection.4.5.3.9}{\376\377\0004\000.\0005\000.\0003\000.\0009\000\040\000r\000e\000s\000e\000t}{subsection.4.5.3}% 91
\BOOKMARK [3][-]{subsubsection.4.5.3.10}{\376\377\0004\000.\0005\000.\0003\000.\0001\0000\000\040\000r\000e\000s\000u\000m\000e\000L\000e\000v\000e\000l}{subsection.4.5.3}% 92
\BOOKMARK [3][-]{subsubsection.4.5.3.11}{\376\377\0004\000.\0005\000.\0003\000.\0001\0001\000\040\000r\000o\000t\000a\000t\000e\000L\000e\000f\000t}{subsection.4.5.3}% 93
\BOOKMARK [3][-]{subsubsection.4.5.3.12}{\376\377\0004\000.\0005\000.\0003\000.\0001\0002\000\040\000r\000o\000t\000a\000t\000e\000R\000i\000g\000h\000t}{subsection.4.5.3}% 94
\BOOKMARK [3][-]{subsubsection.4.5.3.13}{\376\377\0004\000.\0005\000.\0003\000.\0001\0003\000\040\000s\000t\000a\000r\000t\000L\000e\000v\000e\000l}{subsection.4.5.3}% 95
\BOOKMARK [3][-]{subsubsection.4.5.3.14}{\376\377\0004\000.\0005\000.\0003\000.\0001\0004\000\040\000u\000p\000d\000a\000t\000e}{subsection.4.5.3}% 96
\BOOKMARK [2][-]{subsection.4.5.4}{\376\377\0004\000.\0005\000.\0004\000\040\000M\000e\000m\000b\000e\000r\000\040\000D\000a\000t\000a\000\040\000D\000o\000c\000u\000m\000e\000n\000t\000a\000t\000i\000o\000n}{section.4.5}% 97
\BOOKMARK [3][-]{subsubsection.4.5.4.1}{\376\377\0004\000.\0005\000.\0004\000.\0001\000\040\000v\000e\000c\000t\000b}{subsection.4.5.4}% 98
\BOOKMARK [3][-]{subsubsection.4.5.4.2}{\376\377\0004\000.\0005\000.\0004\000.\0002\000\040\000v\000e\000c\000t\000t}{subsection.4.5.4}% 99
\BOOKMARK [1][-]{section.4.6}{\376\377\0004\000.\0006\000\040\000L\000e\000v\000e\000l\000\137\0003\000\040\000C\000l\000a\000s\000s\000\040\000R\000e\000f\000e\000r\000e\000n\000c\000e}{chapter.4}% 100
\BOOKMARK [2][-]{subsection.4.6.1}{\376\377\0004\000.\0006\000.\0001\000\040\000D\000e\000t\000a\000i\000l\000e\000d\000\040\000D\000e\000s\000c\000r\000i\000p\000t\000i\000o\000n}{section.4.6}% 101
\BOOKMARK [2][-]{subsection.4.6.2}{\376\377\0004\000.\0006\000.\0002\000\040\000C\000o\000n\000s\000t\000r\000u\000c\000t\000o\000r\000\040\000\046\000\040\000D\000e\000s\000t\000r\000u\000c\000t\000o\000r\000\040\000D\000o\000c\000u\000m\000e\000n\000t\000a\000t\000i\000o\000n}{section.4.6}% 102
\BOOKMARK [3][-]{subsubsection.4.6.2.1}{\376\377\0004\000.\0006\000.\0002\000.\0001\000\040\000L\000e\000v\000e\000l\0003\000\050\000\051}{subsection.4.6.2}% 103
\BOOKMARK [2][-]{subsection.4.6.3}{\376\377\0004\000.\0006\000.\0003\000\040\000M\000e\000m\000b\000e\000r\000\040\000F\000u\000n\000c\000t\000i\000o\000n\000\040\000D\000o\000c\000u\000m\000e\000n\000t\000a\000t\000i\000o\000n}{section.4.6}% 104
\BOOKMARK [3][-]{subsubsection.4.6.3.1}{\376\377\0004\000.\0006\000.\0003\000.\0001\000\040\000a\000d\000d\000C\000i\000r\000c\000l\000e}{subsection.4.6.3}% 105
\BOOKMARK [3][-]{subsubsection.4.6.3.2}{\376\377\0004\000.\0006\000.\0003\000.\0002\000\040\000a\000d\000d\000R\000e\000c\000t\000a\000n\000g\000l\000e}{subsection.4.6.3}% 106
\BOOKMARK [3][-]{subsubsection.4.6.3.3}{\376\377\0004\000.\0006\000.\0003\000.\0003\000\040\000a\000d\000d\000T\000r\000i\000a\000n\000g\000l\000e}{subsection.4.6.3}% 107
\BOOKMARK [3][-]{subsubsection.4.6.3.4}{\376\377\0004\000.\0006\000.\0003\000.\0004\000\040\000c\000l\000o\000s\000e\000L\000e\000v\000e\000l}{subsection.4.6.3}% 108
\BOOKMARK [3][-]{subsubsection.4.6.3.5}{\376\377\0004\000.\0006\000.\0003\000.\0005\000\040\000g\000e\000t\000T\000i\000m\000e}{subsection.4.6.3}% 109
\BOOKMARK [3][-]{subsubsection.4.6.3.6}{\376\377\0004\000.\0006\000.\0003\000.\0006\000\040\000h\000i\000g\000h\000s\000c\000o\000r\000e\000C\000o\000u\000n\000t\000e\000r}{subsection.4.6.3}% 110
\BOOKMARK [3][-]{subsubsection.4.6.3.7}{\376\377\0004\000.\0006\000.\0003\000.\0007\000\040\000l\000e\000v\000e\000l\000c\000o\000m\000p\000l\000e\000t\000e\000d}{subsection.4.6.3}% 111
\BOOKMARK [3][-]{subsubsection.4.6.3.8}{\376\377\0004\000.\0006\000.\0003\000.\0008\000\040\000p\000a\000u\000s\000e\000L\000e\000v\000e\000l}{subsection.4.6.3}% 112
\BOOKMARK [3][-]{subsubsection.4.6.3.9}{\376\377\0004\000.\0006\000.\0003\000.\0009\000\040\000r\000e\000s\000e\000t}{subsection.4.6.3}% 113
\BOOKMARK [3][-]{subsubsection.4.6.3.10}{\376\377\0004\000.\0006\000.\0003\000.\0001\0000\000\040\000r\000e\000s\000u\000m\000e\000L\000e\000v\000e\000l}{subsection.4.6.3}% 114
\BOOKMARK [3][-]{subsubsection.4.6.3.11}{\376\377\0004\000.\0006\000.\0003\000.\0001\0001\000\040\000r\000o\000t\000a\000t\000e\000L\000e\000f\000t}{subsection.4.6.3}% 115
\BOOKMARK [3][-]{subsubsection.4.6.3.12}{\376\377\0004\000.\0006\000.\0003\000.\0001\0002\000\040\000r\000o\000t\000a\000t\000e\000R\000i\000g\000h\000t}{subsection.4.6.3}% 116
\BOOKMARK [3][-]{subsubsection.4.6.3.13}{\376\377\0004\000.\0006\000.\0003\000.\0001\0003\000\040\000s\000t\000a\000r\000t\000L\000e\000v\000e\000l}{subsection.4.6.3}% 117
\BOOKMARK [3][-]{subsubsection.4.6.3.14}{\376\377\0004\000.\0006\000.\0003\000.\0001\0004\000\040\000u\000p\000d\000a\000t\000e}{subsection.4.6.3}% 118
\BOOKMARK [2][-]{subsection.4.6.4}{\376\377\0004\000.\0006\000.\0004\000\040\000M\000e\000m\000b\000e\000r\000\040\000D\000a\000t\000a\000\040\000D\000o\000c\000u\000m\000e\000n\000t\000a\000t\000i\000o\000n}{section.4.6}% 119
\BOOKMARK [3][-]{subsubsection.4.6.4.1}{\376\377\0004\000.\0006\000.\0004\000.\0001\000\040\000v\000e\000c\000t\000b}{subsection.4.6.4}% 120
\BOOKMARK [3][-]{subsubsection.4.6.4.2}{\376\377\0004\000.\0006\000.\0004\000.\0002\000\040\000v\000e\000c\000t\000t}{subsection.4.6.4}% 121
\BOOKMARK [1][-]{section.4.7}{\376\377\0004\000.\0007\000\040\000L\000e\000v\000e\000l\000\137\0004\000\040\000C\000l\000a\000s\000s\000\040\000R\000e\000f\000e\000r\000e\000n\000c\000e}{chapter.4}% 122
\BOOKMARK [2][-]{subsection.4.7.1}{\376\377\0004\000.\0007\000.\0001\000\040\000D\000e\000t\000a\000i\000l\000e\000d\000\040\000D\000e\000s\000c\000r\000i\000p\000t\000i\000o\000n}{section.4.7}% 123
\BOOKMARK [2][-]{subsection.4.7.2}{\376\377\0004\000.\0007\000.\0002\000\040\000C\000o\000n\000s\000t\000r\000u\000c\000t\000o\000r\000\040\000\046\000\040\000D\000e\000s\000t\000r\000u\000c\000t\000o\000r\000\040\000D\000o\000c\000u\000m\000e\000n\000t\000a\000t\000i\000o\000n}{section.4.7}% 124
\BOOKMARK [3][-]{subsubsection.4.7.2.1}{\376\377\0004\000.\0007\000.\0002\000.\0001\000\040\000L\000e\000v\000e\000l\0004\000\050\000\051}{subsection.4.7.2}% 125
\BOOKMARK [2][-]{subsection.4.7.3}{\376\377\0004\000.\0007\000.\0003\000\040\000M\000e\000m\000b\000e\000r\000\040\000F\000u\000n\000c\000t\000i\000o\000n\000\040\000D\000o\000c\000u\000m\000e\000n\000t\000a\000t\000i\000o\000n}{section.4.7}% 126
\BOOKMARK [3][-]{subsubsection.4.7.3.1}{\376\377\0004\000.\0007\000.\0003\000.\0001\000\040\000a\000d\000d\000C\000i\000r\000c\000l\000e}{subsection.4.7.3}% 127
\BOOKMARK [3][-]{subsubsection.4.7.3.2}{\376\377\0004\000.\0007\000.\0003\000.\0002\000\040\000a\000d\000d\000R\000e\000c\000t\000a\000n\000g\000l\000e}{subsection.4.7.3}% 128
\BOOKMARK [3][-]{subsubsection.4.7.3.3}{\376\377\0004\000.\0007\000.\0003\000.\0003\000\040\000a\000d\000d\000T\000r\000i\000a\000n\000g\000l\000e}{subsection.4.7.3}% 129
\BOOKMARK [3][-]{subsubsection.4.7.3.4}{\376\377\0004\000.\0007\000.\0003\000.\0004\000\040\000c\000l\000o\000s\000e\000L\000e\000v\000e\000l}{subsection.4.7.3}% 130
\BOOKMARK [3][-]{subsubsection.4.7.3.5}{\376\377\0004\000.\0007\000.\0003\000.\0005\000\040\000g\000e\000t\000T\000i\000m\000e}{subsection.4.7.3}% 131
\BOOKMARK [3][-]{subsubsection.4.7.3.6}{\376\377\0004\000.\0007\000.\0003\000.\0006\000\040\000h\000i\000g\000h\000s\000c\000o\000r\000e\000C\000o\000u\000n\000t\000e\000r}{subsection.4.7.3}% 132
\BOOKMARK [3][-]{subsubsection.4.7.3.7}{\376\377\0004\000.\0007\000.\0003\000.\0007\000\040\000l\000e\000v\000e\000l\000c\000o\000m\000p\000l\000e\000t\000e\000d}{subsection.4.7.3}% 133
\BOOKMARK [3][-]{subsubsection.4.7.3.8}{\376\377\0004\000.\0007\000.\0003\000.\0008\000\040\000p\000a\000u\000s\000e\000L\000e\000v\000e\000l}{subsection.4.7.3}% 134
\BOOKMARK [3][-]{subsubsection.4.7.3.9}{\376\377\0004\000.\0007\000.\0003\000.\0009\000\040\000r\000e\000s\000e\000t}{subsection.4.7.3}% 135
\BOOKMARK [3][-]{subsubsection.4.7.3.10}{\376\377\0004\000.\0007\000.\0003\000.\0001\0000\000\040\000r\000e\000s\000u\000m\000e\000L\000e\000v\000e\000l}{subsection.4.7.3}% 136
\BOOKMARK [3][-]{subsubsection.4.7.3.11}{\376\377\0004\000.\0007\000.\0003\000.\0001\0001\000\040\000r\000o\000t\000a\000t\000e\000L\000e\000f\000t}{subsection.4.7.3}% 137
\BOOKMARK [3][-]{subsubsection.4.7.3.12}{\376\377\0004\000.\0007\000.\0003\000.\0001\0002\000\040\000r\000o\000t\000a\000t\000e\000R\000i\000g\000h\000t}{subsection.4.7.3}% 138
\BOOKMARK [3][-]{subsubsection.4.7.3.13}{\376\377\0004\000.\0007\000.\0003\000.\0001\0003\000\040\000s\000t\000a\000r\000t\000L\000e\000v\000e\000l}{subsection.4.7.3}% 139
\BOOKMARK [3][-]{subsubsection.4.7.3.14}{\376\377\0004\000.\0007\000.\0003\000.\0001\0004\000\040\000u\000p\000d\000a\000t\000e}{subsection.4.7.3}% 140
\BOOKMARK [2][-]{subsection.4.7.4}{\376\377\0004\000.\0007\000.\0004\000\040\000M\000e\000m\000b\000e\000r\000\040\000D\000a\000t\000a\000\040\000D\000o\000c\000u\000m\000e\000n\000t\000a\000t\000i\000o\000n}{section.4.7}% 141
\BOOKMARK [3][-]{subsubsection.4.7.4.1}{\376\377\0004\000.\0007\000.\0004\000.\0001\000\040\000v\000e\000c\000t\000b}{subsection.4.7.4}% 142
\BOOKMARK [3][-]{subsubsection.4.7.4.2}{\376\377\0004\000.\0007\000.\0004\000.\0002\000\040\000v\000e\000c\000t\000t}{subsection.4.7.4}% 143
\BOOKMARK [1][-]{section.4.8}{\376\377\0004\000.\0008\000\040\000M\000e\000i\000n\000E\000l\000e\000m\000e\000n\000t\000\040\000C\000l\000a\000s\000s\000\040\000R\000e\000f\000e\000r\000e\000n\000c\000e}{chapter.4}% 144
\BOOKMARK [2][-]{subsection.4.8.1}{\376\377\0004\000.\0008\000.\0001\000\040\000D\000e\000t\000a\000i\000l\000e\000d\000\040\000D\000e\000s\000c\000r\000i\000p\000t\000i\000o\000n}{section.4.8}% 145
\BOOKMARK [2][-]{subsection.4.8.2}{\376\377\0004\000.\0008\000.\0002\000\040\000C\000o\000n\000s\000t\000r\000u\000c\000t\000o\000r\000\040\000\046\000\040\000D\000e\000s\000t\000r\000u\000c\000t\000o\000r\000\040\000D\000o\000c\000u\000m\000e\000n\000t\000a\000t\000i\000o\000n}{section.4.8}% 146
\BOOKMARK [3][-]{subsubsection.4.8.2.1}{\376\377\0004\000.\0008\000.\0002\000.\0001\000\040\000M\000e\000i\000n\000E\000l\000e\000m\000e\000n\000t\000\050\000b\0002\000W\000o\000r\000l\000d\000\040\000*\000w\000o\000r\000l\000d\000,\000\040\000Q\000G\000r\000a\000p\000h\000i\000c\000s\000S\000c\000e\000n\000e\000\040\000*\000l\000e\000v\000e\000l\000,\000\040\000b\0002\000V\000e\000c\0002\000\040\000c\000e\000n\000t\000e\000r\000,\000\040\000q\000r\000e\000a\000l\000\040\000l\000e\000n\000g\000t\000h\000,\000\040\000q\000r\000e\000a\000l\000\040\000w\000i\000d\000t\000h\000,\000\040\000b\0002\000B\000o\000d\000y\000T\000y\000p\000e\000\040\000t\000y\000p\000e\000,\000\040\000q\000r\000e\000a\000l\000\040\000f\000r\000i\000c\000t\000i\000o\000n\000\051}{subsection.4.8.2}% 147
\BOOKMARK [3][-]{subsubsection.4.8.2.2}{\376\377\0004\000.\0008\000.\0002\000.\0002\000\040\000M\000e\000i\000n\000E\000l\000e\000m\000e\000n\000t\000\050\000b\0002\000W\000o\000r\000l\000d\000\040\000*\000w\000o\000r\000l\000d\000,\000\040\000Q\000G\000r\000a\000p\000h\000i\000c\000s\000S\000c\000e\000n\000e\000\040\000*\000l\000e\000v\000e\000l\000,\000\040\000Q\000P\000o\000i\000n\000t\000F\000\040\000a\000,\000\040\000Q\000P\000o\000i\000n\000t\000F\000\040\000b\000,\000\040\000Q\000P\000o\000i\000n\000t\000F\000\040\000c\000,\000\040\000q\000r\000e\000a\000l\000\040\000a\000n\000g\000l\000e\000,\000\040\000b\0002\000B\000o\000d\000y\000T\000y\000p\000e\000\040\000t\000y\000p\000e\000,\000\040\000q\000r\000e\000a\000l\000\040\000f\000r\000i\000c\000t\000i\000o\000n\000\051}{subsection.4.8.2}% 148
\BOOKMARK [3][-]{subsubsection.4.8.2.3}{\376\377\0004\000.\0008\000.\0002\000.\0003\000\040\000M\000e\000i\000n\000E\000l\000e\000m\000e\000n\000t\000\050\000Q\000G\000r\000a\000p\000h\000i\000c\000s\000S\000c\000e\000n\000e\000\040\000*\000l\000e\000v\000e\000l\000,\000\040\000Q\000P\000o\000i\000n\000t\000F\000\040\000c\000e\000n\000t\000e\000r\000,\000\040\000q\000r\000e\000a\000l\000\040\000l\000e\000n\000g\000t\000h\000,\000\040\000q\000r\000e\000a\000l\000\040\000w\000i\000d\000t\000h\000\051}{subsection.4.8.2}% 149
\BOOKMARK [2][-]{subsection.4.8.3}{\376\377\0004\000.\0008\000.\0003\000\040\000M\000e\000m\000b\000e\000r\000\040\000F\000u\000n\000c\000t\000i\000o\000n\000\040\000D\000o\000c\000u\000m\000e\000n\000t\000a\000t\000i\000o\000n}{section.4.8}% 150
\BOOKMARK [3][-]{subsubsection.4.8.3.1}{\376\377\0004\000.\0008\000.\0003\000.\0001\000\040\000d\000r\000a\000w\000B\000o\000t\000t\000o\000m\000\050\000\051}{subsection.4.8.3}% 151
\BOOKMARK [2][-]{subsection.4.8.4}{\376\377\0004\000.\0008\000.\0004\000\040\000M\000e\000m\000b\000e\000r\000\040\000D\000a\000t\000a\000\040\000D\000o\000c\000u\000m\000e\000n\000t\000a\000t\000i\000o\000n}{section.4.8}% 152
\BOOKMARK [3][-]{subsubsection.4.8.4.1}{\376\377\0004\000.\0008\000.\0004\000.\0001\000\040\000a\000p\000p\000l\000a\000u\000s\000e}{subsection.4.8.4}% 153
\BOOKMARK [3][-]{subsubsection.4.8.4.2}{\376\377\0004\000.\0008\000.\0004\000.\0002\000\040\000b\000o\000d\000y}{subsection.4.8.4}% 154
\BOOKMARK [3][-]{subsubsection.4.8.4.3}{\376\377\0004\000.\0008\000.\0004\000.\0003\000\040\000g\000r\000a\000p\000h\000i\000c\000s}{subsection.4.8.4}% 155
\BOOKMARK [3][-]{subsubsection.4.8.4.4}{\376\377\0004\000.\0008\000.\0004\000.\0004\000\040\000w\000h\000i\000t\000e}{subsection.4.8.4}% 156
\BOOKMARK [1][-]{section.4.9}{\376\377\0004\000.\0009\000\040\000M\000o\000v\000e\000r\000\040\000C\000l\000a\000s\000s\000\040\000R\000e\000f\000e\000r\000e\000n\000c\000e}{chapter.4}% 157
\BOOKMARK [2][-]{subsection.4.9.1}{\376\377\0004\000.\0009\000.\0001\000\040\000D\000e\000t\000a\000i\000l\000e\000d\000\040\000D\000e\000s\000c\000r\000i\000p\000t\000i\000o\000n}{section.4.9}% 158
\BOOKMARK [2][-]{subsection.4.9.2}{\376\377\0004\000.\0009\000.\0002\000\040\000C\000o\000n\000s\000t\000r\000u\000c\000t\000o\000r\000\040\000\046\000\040\000D\000e\000s\000t\000r\000u\000c\000t\000o\000r\000\040\000D\000o\000c\000u\000m\000e\000n\000t\000a\000t\000i\000o\000n}{section.4.9}% 159
\BOOKMARK [3][-]{subsubsection.4.9.2.1}{\376\377\0004\000.\0009\000.\0002\000.\0001\000\040\000M\000o\000v\000e\000r\000\050\000b\0002\000W\000o\000r\000l\000d\000\040\000*\000w\000o\000r\000l\000d\000,\000\040\000Q\000G\000r\000a\000p\000h\000i\000c\000s\000S\000c\000e\000n\000e\000\040\000*\000l\000e\000v\000e\000l\000,\000\040\000b\0002\000V\000e\000c\0002\000\040\000c\000e\000n\000t\000e\000r\000,\000\040\000q\000r\000e\000a\000l\000\040\000m\000a\000n\000g\000l\000e\000,\000\040\000q\000r\000e\000a\000l\000\040\000m\000l\000e\000n\000g\000t\000h\000,\000\040\000q\000r\000e\000a\000l\000\040\000m\000w\000i\000d\000t\000h\000,\000\040\000q\000r\000e\000a\000l\000\040\000f\000r\000i\000c\000t\000i\000o\000n\000,\000\040\000Q\000S\000t\000r\000i\000n\000g\000\040\000m\000o\000d\000e\000\051}{subsection.4.9.2}% 160
\BOOKMARK [2][-]{subsection.4.9.3}{\376\377\0004\000.\0009\000.\0003\000\040\000M\000e\000m\000b\000e\000r\000\040\000D\000a\000t\000a\000\040\000D\000o\000c\000u\000m\000e\000n\000t\000a\000t\000i\000o\000n}{section.4.9}% 161
\BOOKMARK [3][-]{subsubsection.4.9.3.1}{\376\377\0004\000.\0009\000.\0003\000.\0001\000\040\000a\000n\000g\000l\000e}{subsection.4.9.3}% 162
\BOOKMARK [3][-]{subsubsection.4.9.3.2}{\376\377\0004\000.\0009\000.\0003\000.\0002\000\040\000b\000o\000d\000y}{subsection.4.9.3}% 163
\BOOKMARK [3][-]{subsubsection.4.9.3.3}{\376\377\0004\000.\0009\000.\0003\000.\0003\000\040\000g\000r\000a\000p\000h\000i\000c\000s}{subsection.4.9.3}% 164
\BOOKMARK [3][-]{subsubsection.4.9.3.4}{\376\377\0004\000.\0009\000.\0003\000.\0004\000\040\000l\000e\000n\000g\000t\000h}{subsection.4.9.3}% 165
\BOOKMARK [3][-]{subsubsection.4.9.3.5}{\376\377\0004\000.\0009\000.\0003\000.\0005\000\040\000w\000i\000d\000t\000h}{subsection.4.9.3}% 166
\BOOKMARK [1][-]{section.4.10}{\376\377\0004\000.\0001\0000\000\040\000P\000a\000p\000e\000r\000b\000a\000l\000l\000\040\000C\000l\000a\000s\000s\000\040\000R\000e\000f\000e\000r\000e\000n\000c\000e}{chapter.4}% 167
\BOOKMARK [2][-]{subsection.4.10.1}{\376\377\0004\000.\0001\0000\000.\0001\000\040\000D\000e\000t\000a\000i\000l\000e\000d\000\040\000D\000e\000s\000c\000r\000i\000p\000t\000i\000o\000n}{section.4.10}% 168
\BOOKMARK [2][-]{subsection.4.10.2}{\376\377\0004\000.\0001\0000\000.\0002\000\040\000C\000o\000n\000s\000t\000r\000u\000c\000t\000o\000r\000\040\000\046\000\040\000D\000e\000s\000t\000r\000u\000c\000t\000o\000r\000\040\000D\000o\000c\000u\000m\000e\000n\000t\000a\000t\000i\000o\000n}{section.4.10}% 169
\BOOKMARK [3][-]{subsubsection.4.10.2.1}{\376\377\0004\000.\0001\0000\000.\0002\000.\0001\000\040\000P\000a\000p\000e\000r\000b\000a\000l\000l\000\050\000b\0002\000W\000o\000r\000l\000d\000\040\000*\000w\000o\000r\000l\000d\000,\000\040\000Q\000G\000r\000a\000p\000h\000i\000c\000s\000S\000c\000e\000n\000e\000\040\000*\000l\000e\000v\000e\000l\000,\000\040\000Q\000P\000o\000i\000n\000t\000F\000\040\000p\000o\000s\000i\000t\000i\000o\000n\000,\000\040\000q\000r\000e\000a\000l\000\040\000a\000n\000g\000l\000e\000,\000\040\000b\0002\000B\000o\000d\000y\000T\000y\000p\000e\000\040\000t\000y\000p\000e\000,\000\040\000b\0002\000C\000i\000r\000c\000l\000e\000S\000h\000a\000p\000e\000\040\000c\000i\000r\000c\000l\000e\000\051}{subsection.4.10.2}% 170
\BOOKMARK [2][-]{subsection.4.10.3}{\376\377\0004\000.\0001\0000\000.\0003\000\040\000M\000e\000m\000b\000e\000r\000\040\000F\000u\000n\000c\000t\000i\000o\000n\000\040\000D\000o\000c\000u\000m\000e\000n\000t\000a\000t\000i\000o\000n}{section.4.10}% 171
\BOOKMARK [3][-]{subsubsection.4.10.3.1}{\376\377\0004\000.\0001\0000\000.\0003\000.\0001\000\040\000c\000r\000e\000a\000t\000e\000P\000a\000p\000e\000r\000\050\000b\0002\000W\000o\000r\000l\000d\000\040\000w\000o\000r\000l\000d\000,\000\040\000Q\000G\000r\000a\000p\000h\000i\000c\000s\000S\000c\000e\000n\000e\000\040\000l\000e\000v\000e\000l\000s\000c\000e\000n\000e\000,\000\040\000Q\000P\000o\000i\000n\000t\000F\000\040\000p\000o\000s\000,\000\040\000q\000r\000e\000a\000l\000\040\000a\000n\000g\000l\000e\000,\000\040\000b\0002\000B\000o\000d\000y\000T\000y\000p\000e\000\040\000t\000y\000p\000e\000,\000\040\000b\0002\000C\000i\000r\000c\000l\000e\000S\000h\000a\000p\000e\000\040\000c\000i\000r\000c\000l\000e\000\051}{subsection.4.10.3}% 172
\BOOKMARK [3][-]{subsubsection.4.10.3.2}{\376\377\0004\000.\0001\0000\000.\0003\000.\0002\000\040\000d\000r\000a\000w\000B\000a\000l\000l\0001\000\050\000\051}{subsection.4.10.3}% 173
\BOOKMARK [2][-]{subsection.4.10.4}{\376\377\0004\000.\0001\0000\000.\0004\000\040\000M\000e\000m\000b\000e\000r\000\040\000D\000a\000t\000a\000\040\000D\000o\000c\000u\000m\000e\000n\000t\000a\000t\000i\000o\000n}{section.4.10}% 174
\BOOKMARK [3][-]{subsubsection.4.10.4.1}{\376\377\0004\000.\0001\0000\000.\0004\000.\0001\000\040\000b\000o\000d\000y}{subsection.4.10.4}% 175
\BOOKMARK [3][-]{subsubsection.4.10.4.2}{\376\377\0004\000.\0001\0000\000.\0004\000.\0002\000\040\000g\000r\000a\000p\000h\000i\000c\000s}{subsection.4.10.4}% 176
\BOOKMARK [1][-]{section.4.11}{\376\377\0004\000.\0001\0001\000\040\000p\000i\000c\000B\000u\000t\000t\000o\000n\000\040\000C\000l\000a\000s\000s\000\040\000R\000e\000f\000e\000r\000e\000n\000c\000e}{chapter.4}% 177
\BOOKMARK [2][-]{subsection.4.11.1}{\376\377\0004\000.\0001\0001\000.\0001\000\040\000D\000e\000t\000a\000i\000l\000e\000d\000\040\000D\000e\000s\000c\000r\000i\000p\000t\000i\000o\000n}{section.4.11}% 178
\BOOKMARK [2][-]{subsection.4.11.2}{\376\377\0004\000.\0001\0001\000.\0002\000\040\000C\000o\000n\000s\000t\000r\000u\000c\000t\000o\000r\000\040\000\046\000\040\000D\000e\000s\000t\000r\000u\000c\000t\000o\000r\000\040\000D\000o\000c\000u\000m\000e\000n\000t\000a\000t\000i\000o\000n}{section.4.11}% 179
\BOOKMARK [3][-]{subsubsection.4.11.2.1}{\376\377\0004\000.\0001\0001\000.\0002\000.\0001\000\040\000p\000i\000c\000B\000u\000t\000t\000o\000n\000\050\000Q\000P\000i\000x\000m\000a\000p\000\040\000d\000e\000f\000a\000u\000l\000t\000p\000i\000c\000,\000\040\000Q\000P\000i\000x\000m\000a\000p\000\040\000h\000o\000v\000e\000r\000p\000i\000c\000\051}{subsection.4.11.2}% 180
\BOOKMARK [3][-]{subsubsection.4.11.2.2}{\376\377\0004\000.\0001\0001\000.\0002\000.\0002\000\040\000p\000i\000c\000B\000u\000t\000t\000o\000n\000\050\000Q\000P\000i\000x\000m\000a\000p\000\040\000d\000e\000f\000a\000u\000l\000t\000p\000i\000c\000,\000\040\000Q\000P\000i\000x\000m\000a\000p\000\040\000h\000o\000v\000e\000r\000p\000i\000c\000,\000\040\000b\000o\000o\000l\000\040\000h\000o\000v\000e\000r\000\051}{subsection.4.11.2}% 181
\BOOKMARK [2][-]{subsection.4.11.3}{\376\377\0004\000.\0001\0001\000.\0003\000\040\000M\000e\000m\000b\000e\000r\000\040\000F\000u\000n\000c\000t\000i\000o\000n\000\040\000D\000o\000c\000u\000m\000e\000n\000t\000a\000t\000i\000o\000n}{section.4.11}% 182
\BOOKMARK [3][-]{subsubsection.4.11.3.1}{\376\377\0004\000.\0001\0001\000.\0003\000.\0001\000\040\000e\000n\000t\000e\000r\000E\000v\000e\000n\000t\000\050\000Q\000E\000v\000e\000n\000t\000\040\000*\000e\000v\000e\000n\000t\000\051}{subsection.4.11.3}% 183
\BOOKMARK [3][-]{subsubsection.4.11.3.2}{\376\377\0004\000.\0001\0001\000.\0003\000.\0002\000\040\000l\000e\000a\000v\000e\000E\000v\000e\000n\000t\000\050\000Q\000E\000v\000e\000n\000t\000\040\000*\000e\000v\000e\000n\000t\000\051}{subsection.4.11.3}% 184
\BOOKMARK [3][-]{subsubsection.4.11.3.3}{\376\377\0004\000.\0001\0001\000.\0003\000.\0003\000\040\000s\000e\000t\000d\000e\000f\000a\000u\000l\000t\000p\000i\000c\000\050\000Q\000P\000i\000x\000m\000a\000p\000\040\000d\000e\000f\000a\000u\000l\000t\000p\000i\000c\000\051}{subsection.4.11.3}% 185
\BOOKMARK [3][-]{subsubsection.4.11.3.4}{\376\377\0004\000.\0001\0001\000.\0003\000.\0004\000\040\000s\000e\000t\000h\000o\000v\000e\000r\000p\000i\000c\000\050\000Q\000P\000i\000x\000m\000a\000p\000\040\000h\000o\000v\000e\000r\000p\000i\000c\000\051}{subsection.4.11.3}% 186
\BOOKMARK [2][-]{subsection.4.11.4}{\376\377\0004\000.\0001\0001\000.\0004\000\040\000M\000e\000m\000b\000e\000r\000\040\000D\000a\000t\000a\000\040\000D\000o\000c\000u\000m\000e\000n\000t\000a\000t\000i\000o\000n}{section.4.11}% 187
\BOOKMARK [3][-]{subsubsection.4.11.4.1}{\376\377\0004\000.\0001\0001\000.\0004\000.\0001\000\040\000d\000e\000f\000a\000u\000l\000t\000p\000i\000c}{subsection.4.11.4}% 188
\BOOKMARK [3][-]{subsubsection.4.11.4.2}{\376\377\0004\000.\0001\0001\000.\0004\000.\0002\000\040\000h\000o\000v\000e\000r}{subsection.4.11.4}% 189
\BOOKMARK [3][-]{subsubsection.4.11.4.3}{\376\377\0004\000.\0001\0001\000.\0004\000.\0003\000\040\000h\000o\000v\000e\000r\000p\000i\000c}{subsection.4.11.4}% 190
\BOOKMARK [1][-]{section.4.12}{\376\377\0004\000.\0001\0002\000\040\000R\000e\000c\000y\000c\000l\000e\000B\000i\000n\000\040\000C\000l\000a\000s\000s\000\040\000R\000e\000f\000e\000r\000e\000n\000c\000e}{chapter.4}% 191
\BOOKMARK [2][-]{subsection.4.12.1}{\376\377\0004\000.\0001\0002\000.\0001\000\040\000D\000e\000t\000a\000i\000l\000e\000d\000\040\000D\000e\000s\000c\000r\000i\000p\000t\000i\000o\000n}{section.4.12}% 192
\BOOKMARK [2][-]{subsection.4.12.2}{\376\377\0004\000.\0001\0002\000.\0002\000\040\000C\000o\000n\000s\000t\000r\000u\000c\000t\000o\000r\000\040\000\046\000\040\000D\000e\000s\000t\000r\000u\000c\000t\000o\000r\000\040\000D\000o\000c\000u\000m\000e\000n\000t\000a\000t\000i\000o\000n}{section.4.12}% 193
\BOOKMARK [3][-]{subsubsection.4.12.2.1}{\376\377\0004\000.\0001\0002\000.\0002\000.\0001\000\040\000R\000e\000c\000y\000c\000l\000e\000B\000i\000n\000\050\000b\0002\000W\000o\000r\000l\000d\000\040\000*\000w\000o\000r\000l\000d\000,\000\040\000Q\000G\000r\000a\000p\000h\000i\000c\000s\000S\000c\000e\000n\000e\000\040\000*\000l\000e\000v\000e\000l\000,\000\040\000Q\000P\000o\000i\000n\000t\000F\000\040\000a\000,\000\040\000Q\000P\000o\000i\000n\000t\000F\000\040\000b\000,\000\040\000Q\000P\000o\000i\000n\000t\000F\000\040\000c\000,\000\040\000Q\000P\000o\000i\000n\000t\000F\000\040\000d\000,\000\040\000q\000r\000e\000a\000l\000\040\000a\000n\000g\000l\000e\000,\000\040\000b\0002\000B\000o\000d\000y\000T\000y\000p\000e\000\040\000t\000y\000p\000e\000\051}{subsection.4.12.2}% 194
\BOOKMARK [2][-]{subsection.4.12.3}{\376\377\0004\000.\0001\0002\000.\0003\000\040\000M\000e\000m\000b\000e\000r\000\040\000F\000u\000n\000c\000t\000i\000o\000n\000\040\000D\000o\000c\000u\000m\000e\000n\000t\000a\000t\000i\000o\000n}{section.4.12}% 195
\BOOKMARK [3][-]{subsubsection.4.12.3.1}{\376\377\0004\000.\0001\0002\000.\0003\000.\0001\000\040\000d\000r\000a\000w\000G\000r\000a\000p\000h\000i\000c\000s\000\050\000\051}{subsection.4.12.3}% 196
\BOOKMARK [2][-]{subsection.4.12.4}{\376\377\0004\000.\0001\0002\000.\0004\000\040\000M\000e\000m\000b\000e\000r\000\040\000D\000a\000t\000a\000\040\000D\000o\000c\000u\000m\000e\000n\000t\000a\000t\000i\000o\000n}{section.4.12}% 197
\BOOKMARK [3][-]{subsubsection.4.12.4.1}{\376\377\0004\000.\0001\0002\000.\0004\000.\0001\000\040\000b\000o\000d\000y}{subsection.4.12.4}% 198
\BOOKMARK [3][-]{subsubsection.4.12.4.2}{\376\377\0004\000.\0001\0002\000.\0004\000.\0002\000\040\000g\000r\000a\000p\000h\000i\000c\000s}{subsection.4.12.4}% 199
\BOOKMARK [1][-]{section.4.13}{\376\377\0004\000.\0001\0003\000\040\000R\000e\000c\000y\000c\000l\000e\000B\000i\000n\000G\000r\000a\000p\000h\000i\000c\000s\000\040\000C\000l\000a\000s\000s\000\040\000R\000e\000f\000e\000r\000e\000n\000c\000e}{chapter.4}% 200
\BOOKMARK [2][-]{subsection.4.13.1}{\376\377\0004\000.\0001\0003\000.\0001\000\040\000D\000e\000t\000a\000i\000l\000e\000d\000\040\000D\000e\000s\000c\000r\000i\000p\000t\000i\000o\000n}{section.4.13}% 201
\BOOKMARK [2][-]{subsection.4.13.2}{\376\377\0004\000.\0001\0003\000.\0002\000\040\000C\000o\000n\000s\000t\000r\000u\000c\000t\000o\000r\000\040\000\046\000\040\000D\000e\000s\000t\000r\000u\000c\000t\000o\000r\000\040\000D\000o\000c\000u\000m\000e\000n\000t\000a\000t\000i\000o\000n}{section.4.13}% 202
\BOOKMARK [3][-]{subsubsection.4.13.2.1}{\376\377\0004\000.\0001\0003\000.\0002\000.\0001\000\040\000R\000e\000c\000y\000c\000l\000e\000B\000i\000n\000G\000r\000a\000p\000h\000i\000c\000s\000\050\000Q\000G\000r\000a\000p\000h\000i\000c\000s\000S\000c\000e\000n\000e\000\040\000*\000l\000e\000v\000e\000l\000\051}{subsection.4.13.2}% 203
\BOOKMARK [2][-]{subsection.4.13.3}{\376\377\0004\000.\0001\0003\000.\0003\000\040\000M\000e\000m\000b\000e\000r\000\040\000D\000a\000t\000a\000\040\000D\000o\000c\000u\000m\000e\000n\000t\000a\000t\000i\000o\000n}{section.4.13}% 204
\BOOKMARK [3][-]{subsubsection.4.13.3.1}{\376\377\0004\000.\0001\0003\000.\0003\000.\0001\000\040\000g\000r\000a\000p\000h\000i\000c\000s}{subsection.4.13.3}% 205
\BOOKMARK [1][-]{section.4.14}{\376\377\0004\000.\0001\0004\000\040\000T\000r\000a\000m\000p\000o\000l\000i\000n\000e\000\040\000C\000l\000a\000s\000s\000\040\000R\000e\000f\000e\000r\000e\000n\000c\000e}{chapter.4}% 206
\BOOKMARK [2][-]{subsection.4.14.1}{\376\377\0004\000.\0001\0004\000.\0001\000\040\000D\000e\000t\000a\000i\000l\000e\000d\000\040\000D\000e\000s\000c\000r\000i\000p\000t\000i\000o\000n}{section.4.14}% 207
\BOOKMARK [2][-]{subsection.4.14.2}{\376\377\0004\000.\0001\0004\000.\0002\000\040\000C\000o\000n\000s\000t\000r\000u\000c\000t\000o\000r\000\040\000\046\000\040\000D\000e\000s\000t\000r\000u\000c\000t\000o\000r\000\040\000D\000o\000c\000u\000m\000e\000n\000t\000a\000t\000i\000o\000n}{section.4.14}% 208
\BOOKMARK [3][-]{subsubsection.4.14.2.1}{\376\377\0004\000.\0001\0004\000.\0002\000.\0001\000\040\000T\000r\000a\000m\000p\000o\000l\000i\000n\000e\000\050\000b\0002\000W\000o\000r\000l\000d\000\040\000*\000w\000o\000r\000l\000d\000,\000\040\000Q\000G\000r\000a\000p\000h\000i\000c\000s\000S\000c\000e\000n\000e\000\040\000*\000l\000e\000v\000e\000l\000,\000\040\000b\0002\000V\000e\000c\0002\000\040\000c\000e\000n\000t\000e\000r\000,\000\040\000q\000r\000e\000a\000l\000\040\000m\000a\000n\000g\000l\000e\000,\000\040\000q\000r\000e\000a\000l\000\040\000m\000l\000e\000n\000g\000t\000h\000,\000\040\000q\000r\000e\000a\000l\000\040\000m\000w\000i\000d\000t\000h\000,\000\040\000b\0002\000B\000o\000d\000y\000T\000y\000p\000e\000\040\000t\000y\000p\000e\000,\000\040\000q\000r\000e\000a\000l\000\040\000f\000r\000i\000c\000t\000i\000o\000n\000,\000\040\000Q\000S\000t\000r\000i\000n\000g\000\040\000m\000o\000d\000e\000\051}{subsection.4.14.2}% 209
\BOOKMARK [2][-]{subsection.4.14.3}{\376\377\0004\000.\0001\0004\000.\0003\000\040\000M\000e\000m\000b\000e\000r\000\040\000D\000a\000t\000a\000\040\000D\000o\000c\000u\000m\000e\000n\000t\000a\000t\000i\000o\000n}{section.4.14}% 210
\BOOKMARK [3][-]{subsubsection.4.14.3.1}{\376\377\0004\000.\0001\0004\000.\0003\000.\0001\000\040\000a\000n\000g\000l\000e}{subsection.4.14.3}% 211
\BOOKMARK [3][-]{subsubsection.4.14.3.2}{\376\377\0004\000.\0001\0004\000.\0003\000.\0002\000\040\000b\000o\000d\000y}{subsection.4.14.3}% 212
\BOOKMARK [3][-]{subsubsection.4.14.3.3}{\376\377\0004\000.\0001\0004\000.\0003\000.\0003\000\040\000g\000r\000a\000p\000h\000i\000c\000s}{subsection.4.14.3}% 213
\BOOKMARK [3][-]{subsubsection.4.14.3.4}{\376\377\0004\000.\0001\0004\000.\0003\000.\0004\000\040\000l\000e\000n\000g\000t\000h}{subsection.4.14.3}% 214
\BOOKMARK [3][-]{subsubsection.4.14.3.5}{\376\377\0004\000.\0001\0004\000.\0003\000.\0005\000\040\000w\000i\000d\000t\000h}{subsection.4.14.3}% 215
\BOOKMARK [1][-]{section.4.15}{\376\377\0004\000.\0001\0005\000\040\000T\000r\000i\000a\000n\000g\000l\000e\000\040\000C\000l\000a\000s\000s\000\040\000R\000e\000f\000e\000r\000e\000n\000c\000e}{chapter.4}% 216
\BOOKMARK [2][-]{subsection.4.15.1}{\376\377\0004\000.\0001\0005\000.\0001\000\040\000D\000e\000t\000a\000i\000l\000e\000d\000\040\000D\000e\000s\000c\000r\000i\000p\000t\000i\000o\000n}{section.4.15}% 217
\BOOKMARK [2][-]{subsection.4.15.2}{\376\377\0004\000.\0001\0005\000.\0002\000\040\000C\000o\000n\000s\000t\000r\000u\000c\000t\000o\000r\000\040\000\046\000\040\000D\000e\000s\000t\000r\000u\000c\000t\000o\000r\000\040\000D\000o\000c\000u\000m\000e\000n\000t\000a\000t\000i\000o\000n}{section.4.15}% 218
\BOOKMARK [3][-]{subsubsection.4.15.2.1}{\376\377\0004\000.\0001\0005\000.\0002\000.\0001\000\040\000T\000r\000i\000a\000n\000g\000l\000e\000\050\000b\0002\000W\000o\000r\000l\000d\000\040\000*\000w\000o\000r\000l\000d\000,\000\040\000Q\000G\000r\000a\000p\000h\000i\000c\000s\000S\000c\000e\000n\000e\000\040\000*\000l\000e\000v\000e\000l\000,\000\040\000Q\000P\000o\000i\000n\000t\000F\000\040\000a\000,\000\040\000Q\000P\000o\000i\000n\000t\000F\000\040\000b\000,\000\040\000Q\000P\000o\000i\000n\000t\000F\000\040\000c\000,\000\040\000q\000r\000e\000a\000l\000\040\000a\000n\000g\000l\000e\000,\000\040\000b\0002\000B\000o\000d\000y\000T\000y\000p\000e\000\040\000t\000y\000p\000e\000,\000\040\000q\000r\000e\000a\000l\000\040\000f\000r\000i\000c\000t\000i\000o\000n\000,\000\040\000Q\000S\000t\000r\000i\000n\000g\000\040\000m\000o\000d\000e\000\051}{subsection.4.15.2}% 219
\BOOKMARK [2][-]{subsection.4.15.3}{\376\377\0004\000.\0001\0005\000.\0003\000\040\000M\000e\000m\000b\000e\000r\000\040\000F\000u\000n\000c\000t\000i\000o\000n\000\040\000D\000o\000c\000u\000m\000e\000n\000t\000a\000t\000i\000o\000n}{section.4.15}% 220
\BOOKMARK [3][-]{subsubsection.4.15.3.1}{\376\377\0004\000.\0001\0005\000.\0003\000.\0001\000\040\000d\000r\000a\000w\000G\000r\000a\000p\000h\000i\000c\000s\000\050\000\051}{subsection.4.15.3}% 221
\BOOKMARK [2][-]{subsection.4.15.4}{\376\377\0004\000.\0001\0005\000.\0004\000\040\000M\000e\000m\000b\000e\000r\000\040\000D\000a\000t\000a\000\040\000D\000o\000c\000u\000m\000e\000n\000t\000a\000t\000i\000o\000n}{section.4.15}% 222
\BOOKMARK [3][-]{subsubsection.4.15.4.1}{\376\377\0004\000.\0001\0005\000.\0004\000.\0001\000\040\000b\000o\000d\000y}{subsection.4.15.4}% 223
\BOOKMARK [3][-]{subsubsection.4.15.4.2}{\376\377\0004\000.\0001\0005\000.\0004\000.\0002\000\040\000g\000r\000a\000p\000h\000i\000c\000s}{subsection.4.15.4}% 224
\BOOKMARK [0][-]{chapter.5}{\376\377\0005\000\040\000F\000i\000l\000e\000\040\000D\000o\000c\000u\000m\000e\000n\000t\000a\000t\000i\000o\000n}{}% 225
\BOOKMARK [1][-]{section.5.1}{\376\377\0005\000.\0001\000\040\000C\000:\000/\000U\000s\000e\000r\000s\000/\000M\000a\000x\000i\000m\000i\000l\000i\000a\000n\000/\000D\000e\000s\000k\000t\000o\000p\000/\000T\000U\000M\000/\0006\000.\000S\000e\000m\000e\000s\000t\000e\000r\000/\000G\000r\000u\000n\000d\000k\000u\000r\000s\000\040\000C\000+\000+\000/\000H\000a\000u\000p\000t\000p\000r\000o\000j\000e\000k\000t\000/\000g\000r\000u\000p\000p\000e\0004\000\137\000h\000a\000u\000p\000t\000p\000r\000o\000j\000e\000k\000t\000/\000g\000r\000u\000p\000p\000e\0004\000\137\000h\000a\000u\000p\000t\000p\000r\000o\000j\000e\000k\000t\000/\000G\000a\000m\000e\000/\000b\000l\000o\000c\000k\000.\000c\000p\000p\000\040\000F\000i\000l\000e\000\040\000R\000e\000f\000e\000r\000e\000n\000c\000e}{chapter.5}% 226
\BOOKMARK [1][-]{section.5.2}{\376\377\0005\000.\0002\000\040\000C\000:\000/\000U\000s\000e\000r\000s\000/\000M\000a\000x\000i\000m\000i\000l\000i\000a\000n\000/\000D\000e\000s\000k\000t\000o\000p\000/\000T\000U\000M\000/\0006\000.\000S\000e\000m\000e\000s\000t\000e\000r\000/\000G\000r\000u\000n\000d\000k\000u\000r\000s\000\040\000C\000+\000+\000/\000H\000a\000u\000p\000t\000p\000r\000o\000j\000e\000k\000t\000/\000g\000r\000u\000p\000p\000e\0004\000\137\000h\000a\000u\000p\000t\000p\000r\000o\000j\000e\000k\000t\000/\000g\000r\000u\000p\000p\000e\0004\000\137\000h\000a\000u\000p\000t\000p\000r\000o\000j\000e\000k\000t\000/\000G\000a\000m\000e\000/\000b\000l\000o\000c\000k\000.\000h\000\040\000F\000i\000l\000e\000\040\000R\000e\000f\000e\000r\000e\000n\000c\000e}{chapter.5}% 227
\BOOKMARK [1][-]{section.5.3}{\376\377\0005\000.\0003\000\040\000C\000:\000/\000U\000s\000e\000r\000s\000/\000M\000a\000x\000i\000m\000i\000l\000i\000a\000n\000/\000D\000e\000s\000k\000t\000o\000p\000/\000T\000U\000M\000/\0006\000.\000S\000e\000m\000e\000s\000t\000e\000r\000/\000G\000r\000u\000n\000d\000k\000u\000r\000s\000\040\000C\000+\000+\000/\000H\000a\000u\000p\000t\000p\000r\000o\000j\000e\000k\000t\000/\000g\000r\000u\000p\000p\000e\0004\000\137\000h\000a\000u\000p\000t\000p\000r\000o\000j\000e\000k\000t\000/\000g\000r\000u\000p\000p\000e\0004\000\137\000h\000a\000u\000p\000t\000p\000r\000o\000j\000e\000k\000t\000/\000G\000a\000m\000e\000/\000c\000i\000r\000c\000l\000e\000.\000c\000p\000p\000\040\000F\000i\000l\000e\000\040\000R\000e\000f\000e\000r\000e\000n\000c\000e}{chapter.5}% 228
\BOOKMARK [1][-]{section.5.4}{\376\377\0005\000.\0004\000\040\000C\000:\000/\000U\000s\000e\000r\000s\000/\000M\000a\000x\000i\000m\000i\000l\000i\000a\000n\000/\000D\000e\000s\000k\000t\000o\000p\000/\000T\000U\000M\000/\0006\000.\000S\000e\000m\000e\000s\000t\000e\000r\000/\000G\000r\000u\000n\000d\000k\000u\000r\000s\000\040\000C\000+\000+\000/\000H\000a\000u\000p\000t\000p\000r\000o\000j\000e\000k\000t\000/\000g\000r\000u\000p\000p\000e\0004\000\137\000h\000a\000u\000p\000t\000p\000r\000o\000j\000e\000k\000t\000/\000g\000r\000u\000p\000p\000e\0004\000\137\000h\000a\000u\000p\000t\000p\000r\000o\000j\000e\000k\000t\000/\000G\000a\000m\000e\000/\000c\000i\000r\000c\000l\000e\000.\000h\000\040\000F\000i\000l\000e\000\040\000R\000e\000f\000e\000r\000e\000n\000c\000e}{chapter.5}% 229
\BOOKMARK [1][-]{section.5.5}{\376\377\0005\000.\0005\000\040\000C\000:\000/\000U\000s\000e\000r\000s\000/\000M\000a\000x\000i\000m\000i\000l\000i\000a\000n\000/\000D\000e\000s\000k\000t\000o\000p\000/\000T\000U\000M\000/\0006\000.\000S\000e\000m\000e\000s\000t\000e\000r\000/\000G\000r\000u\000n\000d\000k\000u\000r\000s\000\040\000C\000+\000+\000/\000H\000a\000u\000p\000t\000p\000r\000o\000j\000e\000k\000t\000/\000g\000r\000u\000p\000p\000e\0004\000\137\000h\000a\000u\000p\000t\000p\000r\000o\000j\000e\000k\000t\000/\000g\000r\000u\000p\000p\000e\0004\000\137\000h\000a\000u\000p\000t\000p\000r\000o\000j\000e\000k\000t\000/\000G\000a\000m\000e\000/\000g\000u\000i\000.\000c\000p\000p\000\040\000F\000i\000l\000e\000\040\000R\000e\000f\000e\000r\000e\000n\000c\000e}{chapter.5}% 230
\BOOKMARK [1][-]{section.5.6}{\376\377\0005\000.\0006\000\040\000C\000:\000/\000U\000s\000e\000r\000s\000/\000M\000a\000x\000i\000m\000i\000l\000i\000a\000n\000/\000D\000e\000s\000k\000t\000o\000p\000/\000T\000U\000M\000/\0006\000.\000S\000e\000m\000e\000s\000t\000e\000r\000/\000G\000r\000u\000n\000d\000k\000u\000r\000s\000\040\000C\000+\000+\000/\000H\000a\000u\000p\000t\000p\000r\000o\000j\000e\000k\000t\000/\000g\000r\000u\000p\000p\000e\0004\000\137\000h\000a\000u\000p\000t\000p\000r\000o\000j\000e\000k\000t\000/\000g\000r\000u\000p\000p\000e\0004\000\137\000h\000a\000u\000p\000t\000p\000r\000o\000j\000e\000k\000t\000/\000G\000a\000m\000e\000/\000g\000u\000i\000.\000h\000\040\000F\000i\000l\000e\000\040\000R\000e\000f\000e\000r\000e\000n\000c\000e}{chapter.5}% 231
\BOOKMARK [1][-]{section.5.7}{\376\377\0005\000.\0007\000\040\000C\000:\000/\000U\000s\000e\000r\000s\000/\000M\000a\000x\000i\000m\000i\000l\000i\000a\000n\000/\000D\000e\000s\000k\000t\000o\000p\000/\000T\000U\000M\000/\0006\000.\000S\000e\000m\000e\000s\000t\000e\000r\000/\000G\000r\000u\000n\000d\000k\000u\000r\000s\000\040\000C\000+\000+\000/\000H\000a\000u\000p\000t\000p\000r\000o\000j\000e\000k\000t\000/\000g\000r\000u\000p\000p\000e\0004\000\137\000h\000a\000u\000p\000t\000p\000r\000o\000j\000e\000k\000t\000/\000g\000r\000u\000p\000p\000e\0004\000\137\000h\000a\000u\000p\000t\000p\000r\000o\000j\000e\000k\000t\000/\000G\000a\000m\000e\000/\000l\000e\000v\000e\000l\000\137\0001\000.\000c\000p\000p\000\040\000F\000i\000l\000e\000\040\000R\000e\000f\000e\000r\000e\000n\000c\000e}{chapter.5}% 232
\BOOKMARK [1][-]{section.5.8}{\376\377\0005\000.\0008\000\040\000C\000:\000/\000U\000s\000e\000r\000s\000/\000M\000a\000x\000i\000m\000i\000l\000i\000a\000n\000/\000D\000e\000s\000k\000t\000o\000p\000/\000T\000U\000M\000/\0006\000.\000S\000e\000m\000e\000s\000t\000e\000r\000/\000G\000r\000u\000n\000d\000k\000u\000r\000s\000\040\000C\000+\000+\000/\000H\000a\000u\000p\000t\000p\000r\000o\000j\000e\000k\000t\000/\000g\000r\000u\000p\000p\000e\0004\000\137\000h\000a\000u\000p\000t\000p\000r\000o\000j\000e\000k\000t\000/\000g\000r\000u\000p\000p\000e\0004\000\137\000h\000a\000u\000p\000t\000p\000r\000o\000j\000e\000k\000t\000/\000G\000a\000m\000e\000/\000l\000e\000v\000e\000l\000\137\0001\000.\000h\000\040\000F\000i\000l\000e\000\040\000R\000e\000f\000e\000r\000e\000n\000c\000e}{chapter.5}% 233
\BOOKMARK [2][-]{subsection.5.8.1}{\376\377\0005\000.\0008\000.\0001\000\040\000M\000a\000c\000r\000o\000\040\000D\000e\000f\000i\000n\000i\000t\000i\000o\000n\000\040\000D\000o\000c\000u\000m\000e\000n\000t\000a\000t\000i\000o\000n}{section.5.8}% 234
\BOOKMARK [3][-]{subsubsection.5.8.1.1}{\376\377\0005\000.\0008\000.\0001\000.\0001\000\040\000f\000r\000a\000m\000e\000r\000a\000t\000e}{subsection.5.8.1}% 235
\BOOKMARK [1][-]{section.5.9}{\376\377\0005\000.\0009\000\040\000C\000:\000/\000U\000s\000e\000r\000s\000/\000M\000a\000x\000i\000m\000i\000l\000i\000a\000n\000/\000D\000e\000s\000k\000t\000o\000p\000/\000T\000U\000M\000/\0006\000.\000S\000e\000m\000e\000s\000t\000e\000r\000/\000G\000r\000u\000n\000d\000k\000u\000r\000s\000\040\000C\000+\000+\000/\000H\000a\000u\000p\000t\000p\000r\000o\000j\000e\000k\000t\000/\000g\000r\000u\000p\000p\000e\0004\000\137\000h\000a\000u\000p\000t\000p\000r\000o\000j\000e\000k\000t\000/\000g\000r\000u\000p\000p\000e\0004\000\137\000h\000a\000u\000p\000t\000p\000r\000o\000j\000e\000k\000t\000/\000G\000a\000m\000e\000/\000l\000e\000v\000e\000l\000\137\0002\000.\000c\000p\000p\000\040\000F\000i\000l\000e\000\040\000R\000e\000f\000e\000r\000e\000n\000c\000e}{chapter.5}% 236
\BOOKMARK [1][-]{section.5.10}{\376\377\0005\000.\0001\0000\000\040\000C\000:\000/\000U\000s\000e\000r\000s\000/\000M\000a\000x\000i\000m\000i\000l\000i\000a\000n\000/\000D\000e\000s\000k\000t\000o\000p\000/\000T\000U\000M\000/\0006\000.\000S\000e\000m\000e\000s\000t\000e\000r\000/\000G\000r\000u\000n\000d\000k\000u\000r\000s\000\040\000C\000+\000+\000/\000H\000a\000u\000p\000t\000p\000r\000o\000j\000e\000k\000t\000/\000g\000r\000u\000p\000p\000e\0004\000\137\000h\000a\000u\000p\000t\000p\000r\000o\000j\000e\000k\000t\000/\000g\000r\000u\000p\000p\000e\0004\000\137\000h\000a\000u\000p\000t\000p\000r\000o\000j\000e\000k\000t\000/\000G\000a\000m\000e\000/\000l\000e\000v\000e\000l\000\137\0002\000.\000h\000\040\000F\000i\000l\000e\000\040\000R\000e\000f\000e\000r\000e\000n\000c\000e}{chapter.5}% 237
\BOOKMARK [2][-]{subsection.5.10.1}{\376\377\0005\000.\0001\0000\000.\0001\000\040\000M\000a\000c\000r\000o\000\040\000D\000e\000f\000i\000n\000i\000t\000i\000o\000n\000\040\000D\000o\000c\000u\000m\000e\000n\000t\000a\000t\000i\000o\000n}{section.5.10}% 238
\BOOKMARK [3][-]{subsubsection.5.10.1.1}{\376\377\0005\000.\0001\0000\000.\0001\000.\0001\000\040\000f\000r\000a\000m\000e\000r\000a\000t\000e}{subsection.5.10.1}% 239
\BOOKMARK [1][-]{section.5.11}{\376\377\0005\000.\0001\0001\000\040\000C\000:\000/\000U\000s\000e\000r\000s\000/\000M\000a\000x\000i\000m\000i\000l\000i\000a\000n\000/\000D\000e\000s\000k\000t\000o\000p\000/\000T\000U\000M\000/\0006\000.\000S\000e\000m\000e\000s\000t\000e\000r\000/\000G\000r\000u\000n\000d\000k\000u\000r\000s\000\040\000C\000+\000+\000/\000H\000a\000u\000p\000t\000p\000r\000o\000j\000e\000k\000t\000/\000g\000r\000u\000p\000p\000e\0004\000\137\000h\000a\000u\000p\000t\000p\000r\000o\000j\000e\000k\000t\000/\000g\000r\000u\000p\000p\000e\0004\000\137\000h\000a\000u\000p\000t\000p\000r\000o\000j\000e\000k\000t\000/\000G\000a\000m\000e\000/\000l\000e\000v\000e\000l\000\137\0003\000.\000c\000p\000p\000\040\000F\000i\000l\000e\000\040\000R\000e\000f\000e\000r\000e\000n\000c\000e}{chapter.5}% 240
\BOOKMARK [1][-]{section.5.12}{\376\377\0005\000.\0001\0002\000\040\000C\000:\000/\000U\000s\000e\000r\000s\000/\000M\000a\000x\000i\000m\000i\000l\000i\000a\000n\000/\000D\000e\000s\000k\000t\000o\000p\000/\000T\000U\000M\000/\0006\000.\000S\000e\000m\000e\000s\000t\000e\000r\000/\000G\000r\000u\000n\000d\000k\000u\000r\000s\000\040\000C\000+\000+\000/\000H\000a\000u\000p\000t\000p\000r\000o\000j\000e\000k\000t\000/\000g\000r\000u\000p\000p\000e\0004\000\137\000h\000a\000u\000p\000t\000p\000r\000o\000j\000e\000k\000t\000/\000g\000r\000u\000p\000p\000e\0004\000\137\000h\000a\000u\000p\000t\000p\000r\000o\000j\000e\000k\000t\000/\000G\000a\000m\000e\000/\000l\000e\000v\000e\000l\000\137\0003\000.\000h\000\040\000F\000i\000l\000e\000\040\000R\000e\000f\000e\000r\000e\000n\000c\000e}{chapter.5}% 241
\BOOKMARK [2][-]{subsection.5.12.1}{\376\377\0005\000.\0001\0002\000.\0001\000\040\000M\000a\000c\000r\000o\000\040\000D\000e\000f\000i\000n\000i\000t\000i\000o\000n\000\040\000D\000o\000c\000u\000m\000e\000n\000t\000a\000t\000i\000o\000n}{section.5.12}% 242
\BOOKMARK [3][-]{subsubsection.5.12.1.1}{\376\377\0005\000.\0001\0002\000.\0001\000.\0001\000\040\000f\000r\000a\000m\000e\000r\000a\000t\000e}{subsection.5.12.1}% 243
\BOOKMARK [1][-]{section.5.13}{\376\377\0005\000.\0001\0003\000\040\000C\000:\000/\000U\000s\000e\000r\000s\000/\000M\000a\000x\000i\000m\000i\000l\000i\000a\000n\000/\000D\000e\000s\000k\000t\000o\000p\000/\000T\000U\000M\000/\0006\000.\000S\000e\000m\000e\000s\000t\000e\000r\000/\000G\000r\000u\000n\000d\000k\000u\000r\000s\000\040\000C\000+\000+\000/\000H\000a\000u\000p\000t\000p\000r\000o\000j\000e\000k\000t\000/\000g\000r\000u\000p\000p\000e\0004\000\137\000h\000a\000u\000p\000t\000p\000r\000o\000j\000e\000k\000t\000/\000g\000r\000u\000p\000p\000e\0004\000\137\000h\000a\000u\000p\000t\000p\000r\000o\000j\000e\000k\000t\000/\000G\000a\000m\000e\000/\000l\000e\000v\000e\000l\000\137\0004\000.\000c\000p\000p\000\040\000F\000i\000l\000e\000\040\000R\000e\000f\000e\000r\000e\000n\000c\000e}{chapter.5}% 244
\BOOKMARK [1][-]{section.5.14}{\376\377\0005\000.\0001\0004\000\040\000C\000:\000/\000U\000s\000e\000r\000s\000/\000M\000a\000x\000i\000m\000i\000l\000i\000a\000n\000/\000D\000e\000s\000k\000t\000o\000p\000/\000T\000U\000M\000/\0006\000.\000S\000e\000m\000e\000s\000t\000e\000r\000/\000G\000r\000u\000n\000d\000k\000u\000r\000s\000\040\000C\000+\000+\000/\000H\000a\000u\000p\000t\000p\000r\000o\000j\000e\000k\000t\000/\000g\000r\000u\000p\000p\000e\0004\000\137\000h\000a\000u\000p\000t\000p\000r\000o\000j\000e\000k\000t\000/\000g\000r\000u\000p\000p\000e\0004\000\137\000h\000a\000u\000p\000t\000p\000r\000o\000j\000e\000k\000t\000/\000G\000a\000m\000e\000/\000l\000e\000v\000e\000l\000\137\0004\000.\000h\000\040\000F\000i\000l\000e\000\040\000R\000e\000f\000e\000r\000e\000n\000c\000e}{chapter.5}% 245
\BOOKMARK [2][-]{subsection.5.14.1}{\376\377\0005\000.\0001\0004\000.\0001\000\040\000M\000a\000c\000r\000o\000\040\000D\000e\000f\000i\000n\000i\000t\000i\000o\000n\000\040\000D\000o\000c\000u\000m\000e\000n\000t\000a\000t\000i\000o\000n}{section.5.14}% 246
\BOOKMARK [3][-]{subsubsection.5.14.1.1}{\376\377\0005\000.\0001\0004\000.\0001\000.\0001\000\040\000f\000r\000a\000m\000e\000r\000a\000t\000e}{subsection.5.14.1}% 247
\BOOKMARK [1][-]{section.5.15}{\376\377\0005\000.\0001\0005\000\040\000C\000:\000/\000U\000s\000e\000r\000s\000/\000M\000a\000x\000i\000m\000i\000l\000i\000a\000n\000/\000D\000e\000s\000k\000t\000o\000p\000/\000T\000U\000M\000/\0006\000.\000S\000e\000m\000e\000s\000t\000e\000r\000/\000G\000r\000u\000n\000d\000k\000u\000r\000s\000\040\000C\000+\000+\000/\000H\000a\000u\000p\000t\000p\000r\000o\000j\000e\000k\000t\000/\000g\000r\000u\000p\000p\000e\0004\000\137\000h\000a\000u\000p\000t\000p\000r\000o\000j\000e\000k\000t\000/\000g\000r\000u\000p\000p\000e\0004\000\137\000h\000a\000u\000p\000t\000p\000r\000o\000j\000e\000k\000t\000/\000G\000a\000m\000e\000/\000m\000a\000i\000n\000.\000c\000p\000p\000\040\000F\000i\000l\000e\000\040\000R\000e\000f\000e\000r\000e\000n\000c\000e}{chapter.5}% 248
\BOOKMARK [2][-]{subsection.5.15.1}{\376\377\0005\000.\0001\0005\000.\0001\000\040\000F\000u\000n\000c\000t\000i\000o\000n\000\040\000D\000o\000c\000u\000m\000e\000n\000t\000a\000t\000i\000o\000n}{section.5.15}% 249
\BOOKMARK [3][-]{subsubsection.5.15.1.1}{\376\377\0005\000.\0001\0005\000.\0001\000.\0001\000\040\000m\000a\000i\000n\000\050\000i\000n\000t\000\040\000a\000r\000g\000c\000,\000\040\000c\000h\000a\000r\000\040\000*\000a\000r\000g\000v\000[\000]\000\051}{subsection.5.15.1}% 250
\BOOKMARK [1][-]{section.5.16}{\376\377\0005\000.\0001\0006\000\040\000C\000:\000/\000U\000s\000e\000r\000s\000/\000M\000a\000x\000i\000m\000i\000l\000i\000a\000n\000/\000D\000e\000s\000k\000t\000o\000p\000/\000T\000U\000M\000/\0006\000.\000S\000e\000m\000e\000s\000t\000e\000r\000/\000G\000r\000u\000n\000d\000k\000u\000r\000s\000\040\000C\000+\000+\000/\000H\000a\000u\000p\000t\000p\000r\000o\000j\000e\000k\000t\000/\000g\000r\000u\000p\000p\000e\0004\000\137\000h\000a\000u\000p\000t\000p\000r\000o\000j\000e\000k\000t\000/\000g\000r\000u\000p\000p\000e\0004\000\137\000h\000a\000u\000p\000t\000p\000r\000o\000j\000e\000k\000t\000/\000G\000a\000m\000e\000/\000m\000e\000i\000n\000e\000l\000e\000m\000e\000n\000t\000.\000c\000p\000p\000\040\000F\000i\000l\000e\000\040\000R\000e\000f\000e\000r\000e\000n\000c\000e}{chapter.5}% 251
\BOOKMARK [1][-]{section.5.17}{\376\377\0005\000.\0001\0007\000\040\000C\000:\000/\000U\000s\000e\000r\000s\000/\000M\000a\000x\000i\000m\000i\000l\000i\000a\000n\000/\000D\000e\000s\000k\000t\000o\000p\000/\000T\000U\000M\000/\0006\000.\000S\000e\000m\000e\000s\000t\000e\000r\000/\000G\000r\000u\000n\000d\000k\000u\000r\000s\000\040\000C\000+\000+\000/\000H\000a\000u\000p\000t\000p\000r\000o\000j\000e\000k\000t\000/\000g\000r\000u\000p\000p\000e\0004\000\137\000h\000a\000u\000p\000t\000p\000r\000o\000j\000e\000k\000t\000/\000g\000r\000u\000p\000p\000e\0004\000\137\000h\000a\000u\000p\000t\000p\000r\000o\000j\000e\000k\000t\000/\000G\000a\000m\000e\000/\000m\000e\000i\000n\000e\000l\000e\000m\000e\000n\000t\000.\000h\000\040\000F\000i\000l\000e\000\040\000R\000e\000f\000e\000r\000e\000n\000c\000e}{chapter.5}% 252
\BOOKMARK [1][-]{section.5.18}{\376\377\0005\000.\0001\0008\000\040\000C\000:\000/\000U\000s\000e\000r\000s\000/\000M\000a\000x\000i\000m\000i\000l\000i\000a\000n\000/\000D\000e\000s\000k\000t\000o\000p\000/\000T\000U\000M\000/\0006\000.\000S\000e\000m\000e\000s\000t\000e\000r\000/\000G\000r\000u\000n\000d\000k\000u\000r\000s\000\040\000C\000+\000+\000/\000H\000a\000u\000p\000t\000p\000r\000o\000j\000e\000k\000t\000/\000g\000r\000u\000p\000p\000e\0004\000\137\000h\000a\000u\000p\000t\000p\000r\000o\000j\000e\000k\000t\000/\000g\000r\000u\000p\000p\000e\0004\000\137\000h\000a\000u\000p\000t\000p\000r\000o\000j\000e\000k\000t\000/\000G\000a\000m\000e\000/\000m\000o\000v\000e\000r\000.\000c\000p\000p\000\040\000F\000i\000l\000e\000\040\000R\000e\000f\000e\000r\000e\000n\000c\000e}{chapter.5}% 253
\BOOKMARK [1][-]{section.5.19}{\376\377\0005\000.\0001\0009\000\040\000C\000:\000/\000U\000s\000e\000r\000s\000/\000M\000a\000x\000i\000m\000i\000l\000i\000a\000n\000/\000D\000e\000s\000k\000t\000o\000p\000/\000T\000U\000M\000/\0006\000.\000S\000e\000m\000e\000s\000t\000e\000r\000/\000G\000r\000u\000n\000d\000k\000u\000r\000s\000\040\000C\000+\000+\000/\000H\000a\000u\000p\000t\000p\000r\000o\000j\000e\000k\000t\000/\000g\000r\000u\000p\000p\000e\0004\000\137\000h\000a\000u\000p\000t\000p\000r\000o\000j\000e\000k\000t\000/\000g\000r\000u\000p\000p\000e\0004\000\137\000h\000a\000u\000p\000t\000p\000r\000o\000j\000e\000k\000t\000/\000G\000a\000m\000e\000/\000m\000o\000v\000e\000r\000.\000h\000\040\000F\000i\000l\000e\000\040\000R\000e\000f\000e\000r\000e\000n\000c\000e}{chapter.5}% 254
\BOOKMARK [1][-]{section.5.20}{\376\377\0005\000.\0002\0000\000\040\000C\000:\000/\000U\000s\000e\000r\000s\000/\000M\000a\000x\000i\000m\000i\000l\000i\000a\000n\000/\000D\000e\000s\000k\000t\000o\000p\000/\000T\000U\000M\000/\0006\000.\000S\000e\000m\000e\000s\000t\000e\000r\000/\000G\000r\000u\000n\000d\000k\000u\000r\000s\000\040\000C\000+\000+\000/\000H\000a\000u\000p\000t\000p\000r\000o\000j\000e\000k\000t\000/\000g\000r\000u\000p\000p\000e\0004\000\137\000h\000a\000u\000p\000t\000p\000r\000o\000j\000e\000k\000t\000/\000g\000r\000u\000p\000p\000e\0004\000\137\000h\000a\000u\000p\000t\000p\000r\000o\000j\000e\000k\000t\000/\000G\000a\000m\000e\000/\000p\000a\000p\000e\000r\000b\000a\000l\000l\000.\000c\000p\000p\000\040\000F\000i\000l\000e\000\040\000R\000e\000f\000e\000r\000e\000n\000c\000e}{chapter.5}% 255
\BOOKMARK [1][-]{section.5.21}{\376\377\0005\000.\0002\0001\000\040\000C\000:\000/\000U\000s\000e\000r\000s\000/\000M\000a\000x\000i\000m\000i\000l\000i\000a\000n\000/\000D\000e\000s\000k\000t\000o\000p\000/\000T\000U\000M\000/\0006\000.\000S\000e\000m\000e\000s\000t\000e\000r\000/\000G\000r\000u\000n\000d\000k\000u\000r\000s\000\040\000C\000+\000+\000/\000H\000a\000u\000p\000t\000p\000r\000o\000j\000e\000k\000t\000/\000g\000r\000u\000p\000p\000e\0004\000\137\000h\000a\000u\000p\000t\000p\000r\000o\000j\000e\000k\000t\000/\000g\000r\000u\000p\000p\000e\0004\000\137\000h\000a\000u\000p\000t\000p\000r\000o\000j\000e\000k\000t\000/\000G\000a\000m\000e\000/\000p\000a\000p\000e\000r\000b\000a\000l\000l\000.\000h\000\040\000F\000i\000l\000e\000\040\000R\000e\000f\000e\000r\000e\000n\000c\000e}{chapter.5}% 256
\BOOKMARK [1][-]{section.5.22}{\376\377\0005\000.\0002\0002\000\040\000C\000:\000/\000U\000s\000e\000r\000s\000/\000M\000a\000x\000i\000m\000i\000l\000i\000a\000n\000/\000D\000e\000s\000k\000t\000o\000p\000/\000T\000U\000M\000/\0006\000.\000S\000e\000m\000e\000s\000t\000e\000r\000/\000G\000r\000u\000n\000d\000k\000u\000r\000s\000\040\000C\000+\000+\000/\000H\000a\000u\000p\000t\000p\000r\000o\000j\000e\000k\000t\000/\000g\000r\000u\000p\000p\000e\0004\000\137\000h\000a\000u\000p\000t\000p\000r\000o\000j\000e\000k\000t\000/\000g\000r\000u\000p\000p\000e\0004\000\137\000h\000a\000u\000p\000t\000p\000r\000o\000j\000e\000k\000t\000/\000G\000a\000m\000e\000/\000p\000i\000c\000b\000u\000t\000t\000o\000n\000.\000c\000p\000p\000\040\000F\000i\000l\000e\000\040\000R\000e\000f\000e\000r\000e\000n\000c\000e}{chapter.5}% 257
\BOOKMARK [1][-]{section.5.23}{\376\377\0005\000.\0002\0003\000\040\000C\000:\000/\000U\000s\000e\000r\000s\000/\000M\000a\000x\000i\000m\000i\000l\000i\000a\000n\000/\000D\000e\000s\000k\000t\000o\000p\000/\000T\000U\000M\000/\0006\000.\000S\000e\000m\000e\000s\000t\000e\000r\000/\000G\000r\000u\000n\000d\000k\000u\000r\000s\000\040\000C\000+\000+\000/\000H\000a\000u\000p\000t\000p\000r\000o\000j\000e\000k\000t\000/\000g\000r\000u\000p\000p\000e\0004\000\137\000h\000a\000u\000p\000t\000p\000r\000o\000j\000e\000k\000t\000/\000g\000r\000u\000p\000p\000e\0004\000\137\000h\000a\000u\000p\000t\000p\000r\000o\000j\000e\000k\000t\000/\000G\000a\000m\000e\000/\000p\000i\000c\000b\000u\000t\000t\000o\000n\000.\000h\000\040\000F\000i\000l\000e\000\040\000R\000e\000f\000e\000r\000e\000n\000c\000e}{chapter.5}% 258
\BOOKMARK [1][-]{section.5.24}{\376\377\0005\000.\0002\0004\000\040\000C\000:\000/\000U\000s\000e\000r\000s\000/\000M\000a\000x\000i\000m\000i\000l\000i\000a\000n\000/\000D\000e\000s\000k\000t\000o\000p\000/\000T\000U\000M\000/\0006\000.\000S\000e\000m\000e\000s\000t\000e\000r\000/\000G\000r\000u\000n\000d\000k\000u\000r\000s\000\040\000C\000+\000+\000/\000H\000a\000u\000p\000t\000p\000r\000o\000j\000e\000k\000t\000/\000g\000r\000u\000p\000p\000e\0004\000\137\000h\000a\000u\000p\000t\000p\000r\000o\000j\000e\000k\000t\000/\000g\000r\000u\000p\000p\000e\0004\000\137\000h\000a\000u\000p\000t\000p\000r\000o\000j\000e\000k\000t\000/\000G\000a\000m\000e\000/\000r\000e\000c\000y\000c\000l\000e\000b\000i\000n\000.\000c\000p\000p\000\040\000F\000i\000l\000e\000\040\000R\000e\000f\000e\000r\000e\000n\000c\000e}{chapter.5}% 259
\BOOKMARK [1][-]{section.5.25}{\376\377\0005\000.\0002\0005\000\040\000C\000:\000/\000U\000s\000e\000r\000s\000/\000M\000a\000x\000i\000m\000i\000l\000i\000a\000n\000/\000D\000e\000s\000k\000t\000o\000p\000/\000T\000U\000M\000/\0006\000.\000S\000e\000m\000e\000s\000t\000e\000r\000/\000G\000r\000u\000n\000d\000k\000u\000r\000s\000\040\000C\000+\000+\000/\000H\000a\000u\000p\000t\000p\000r\000o\000j\000e\000k\000t\000/\000g\000r\000u\000p\000p\000e\0004\000\137\000h\000a\000u\000p\000t\000p\000r\000o\000j\000e\000k\000t\000/\000g\000r\000u\000p\000p\000e\0004\000\137\000h\000a\000u\000p\000t\000p\000r\000o\000j\000e\000k\000t\000/\000G\000a\000m\000e\000/\000r\000e\000c\000y\000c\000l\000e\000b\000i\000n\000.\000h\000\040\000F\000i\000l\000e\000\040\000R\000e\000f\000e\000r\000e\000n\000c\000e}{chapter.5}% 260
\BOOKMARK [1][-]{section.5.26}{\376\377\0005\000.\0002\0006\000\040\000C\000:\000/\000U\000s\000e\000r\000s\000/\000M\000a\000x\000i\000m\000i\000l\000i\000a\000n\000/\000D\000e\000s\000k\000t\000o\000p\000/\000T\000U\000M\000/\0006\000.\000S\000e\000m\000e\000s\000t\000e\000r\000/\000G\000r\000u\000n\000d\000k\000u\000r\000s\000\040\000C\000+\000+\000/\000H\000a\000u\000p\000t\000p\000r\000o\000j\000e\000k\000t\000/\000g\000r\000u\000p\000p\000e\0004\000\137\000h\000a\000u\000p\000t\000p\000r\000o\000j\000e\000k\000t\000/\000g\000r\000u\000p\000p\000e\0004\000\137\000h\000a\000u\000p\000t\000p\000r\000o\000j\000e\000k\000t\000/\000G\000a\000m\000e\000/\000r\000e\000c\000y\000c\000l\000e\000b\000i\000n\000g\000r\000a\000p\000h\000i\000c\000s\000.\000c\000p\000p\000\040\000F\000i\000l\000e\000\040\000R\000e\000f\000e\000r\000e\000n\000c\000e}{chapter.5}% 261
\BOOKMARK [1][-]{section.5.27}{\376\377\0005\000.\0002\0007\000\040\000C\000:\000/\000U\000s\000e\000r\000s\000/\000M\000a\000x\000i\000m\000i\000l\000i\000a\000n\000/\000D\000e\000s\000k\000t\000o\000p\000/\000T\000U\000M\000/\0006\000.\000S\000e\000m\000e\000s\000t\000e\000r\000/\000G\000r\000u\000n\000d\000k\000u\000r\000s\000\040\000C\000+\000+\000/\000H\000a\000u\000p\000t\000p\000r\000o\000j\000e\000k\000t\000/\000g\000r\000u\000p\000p\000e\0004\000\137\000h\000a\000u\000p\000t\000p\000r\000o\000j\000e\000k\000t\000/\000g\000r\000u\000p\000p\000e\0004\000\137\000h\000a\000u\000p\000t\000p\000r\000o\000j\000e\000k\000t\000/\000G\000a\000m\000e\000/\000r\000e\000c\000y\000c\000l\000e\000b\000i\000n\000g\000r\000a\000p\000h\000i\000c\000s\000.\000h\000\040\000F\000i\000l\000e\000\040\000R\000e\000f\000e\000r\000e\000n\000c\000e}{chapter.5}% 262
\BOOKMARK [1][-]{section.5.28}{\376\377\0005\000.\0002\0008\000\040\000C\000:\000/\000U\000s\000e\000r\000s\000/\000M\000a\000x\000i\000m\000i\000l\000i\000a\000n\000/\000D\000e\000s\000k\000t\000o\000p\000/\000T\000U\000M\000/\0006\000.\000S\000e\000m\000e\000s\000t\000e\000r\000/\000G\000r\000u\000n\000d\000k\000u\000r\000s\000\040\000C\000+\000+\000/\000H\000a\000u\000p\000t\000p\000r\000o\000j\000e\000k\000t\000/\000g\000r\000u\000p\000p\000e\0004\000\137\000h\000a\000u\000p\000t\000p\000r\000o\000j\000e\000k\000t\000/\000g\000r\000u\000p\000p\000e\0004\000\137\000h\000a\000u\000p\000t\000p\000r\000o\000j\000e\000k\000t\000/\000G\000a\000m\000e\000/\000t\000r\000a\000m\000p\000o\000l\000i\000n\000e\000.\000c\000p\000p\000\040\000F\000i\000l\000e\000\040\000R\000e\000f\000e\000r\000e\000n\000c\000e}{chapter.5}% 263
\BOOKMARK [1][-]{section.5.29}{\376\377\0005\000.\0002\0009\000\040\000C\000:\000/\000U\000s\000e\000r\000s\000/\000M\000a\000x\000i\000m\000i\000l\000i\000a\000n\000/\000D\000e\000s\000k\000t\000o\000p\000/\000T\000U\000M\000/\0006\000.\000S\000e\000m\000e\000s\000t\000e\000r\000/\000G\000r\000u\000n\000d\000k\000u\000r\000s\000\040\000C\000+\000+\000/\000H\000a\000u\000p\000t\000p\000r\000o\000j\000e\000k\000t\000/\000g\000r\000u\000p\000p\000e\0004\000\137\000h\000a\000u\000p\000t\000p\000r\000o\000j\000e\000k\000t\000/\000g\000r\000u\000p\000p\000e\0004\000\137\000h\000a\000u\000p\000t\000p\000r\000o\000j\000e\000k\000t\000/\000G\000a\000m\000e\000/\000t\000r\000a\000m\000p\000o\000l\000i\000n\000e\000.\000h\000\040\000F\000i\000l\000e\000\040\000R\000e\000f\000e\000r\000e\000n\000c\000e}{chapter.5}% 264
\BOOKMARK [1][-]{section.5.30}{\376\377\0005\000.\0003\0000\000\040\000C\000:\000/\000U\000s\000e\000r\000s\000/\000M\000a\000x\000i\000m\000i\000l\000i\000a\000n\000/\000D\000e\000s\000k\000t\000o\000p\000/\000T\000U\000M\000/\0006\000.\000S\000e\000m\000e\000s\000t\000e\000r\000/\000G\000r\000u\000n\000d\000k\000u\000r\000s\000\040\000C\000+\000+\000/\000H\000a\000u\000p\000t\000p\000r\000o\000j\000e\000k\000t\000/\000g\000r\000u\000p\000p\000e\0004\000\137\000h\000a\000u\000p\000t\000p\000r\000o\000j\000e\000k\000t\000/\000g\000r\000u\000p\000p\000e\0004\000\137\000h\000a\000u\000p\000t\000p\000r\000o\000j\000e\000k\000t\000/\000G\000a\000m\000e\000/\000t\000r\000i\000a\000n\000g\000l\000e\000.\000c\000p\000p\000\040\000F\000i\000l\000e\000\040\000R\000e\000f\000e\000r\000e\000n\000c\000e}{chapter.5}% 265
\BOOKMARK [1][-]{section.5.31}{\376\377\0005\000.\0003\0001\000\040\000C\000:\000/\000U\000s\000e\000r\000s\000/\000M\000a\000x\000i\000m\000i\000l\000i\000a\000n\000/\000D\000e\000s\000k\000t\000o\000p\000/\000T\000U\000M\000/\0006\000.\000S\000e\000m\000e\000s\000t\000e\000r\000/\000G\000r\000u\000n\000d\000k\000u\000r\000s\000\040\000C\000+\000+\000/\000H\000a\000u\000p\000t\000p\000r\000o\000j\000e\000k\000t\000/\000g\000r\000u\000p\000p\000e\0004\000\137\000h\000a\000u\000p\000t\000p\000r\000o\000j\000e\000k\000t\000/\000g\000r\000u\000p\000p\000e\0004\000\137\000h\000a\000u\000p\000t\000p\000r\000o\000j\000e\000k\000t\000/\000G\000a\000m\000e\000/\000t\000r\000i\000a\000n\000g\000l\000e\000.\000h\000\040\000F\000i\000l\000e\000\040\000R\000e\000f\000e\000r\000e\000n\000c\000e}{chapter.5}% 266
\BOOKMARK [0][-]{section*.73}{\376\377\000I\000n\000d\000e\000x}{}% 267
